2023-10-30 00:00:00,000 [60] INFO  - @00:00:00 - job:天氣資訊更新 - start
2023-10-30 00:00:00,012 [46] INFO  - @00:00:00 - job:攝影機狀態更新 - JobToBeExecuted
2023-10-30 00:00:00,012 [46] INFO  - @00:00:00 - job:攝影機狀態更新 - start
2023-10-30 00:00:00,921 [46] INFO  - @00:00:00 - job:設備 0 點和 12 點狀態更新 - JobToBeExecuted
2023-10-30 00:00:00,922 [46] INFO  - @00:00:00 - job:設備 0 點和 12 點狀態更新 - start
2023-10-30 00:00:00,924 [46] INFO  - @00:00:00 - job:設備錯誤狀態更新 - JobToBeExecuted
2023-10-30 00:00:00,924 [46] INFO  - @00:00:00 - job:設備錯誤狀態更新 - start
2023-10-30 00:00:07,422 [45] ERROR - [ElasticSearch.UpdateDeviceStatus] UPDATE Elasticsearch device.status.daily Fail
2023-10-30 00:00:20,198 [47] INFO  - @00:00:20 - job:空氣品質資訊更新 - done
2023-10-30 00:00:20,198 [47] INFO  - @00:00:20 - job:空氣品質資訊更新 - JobWasExecuted
2023-10-30 00:00:24,415 [56] INFO  - @00:00:24 - job:天氣資訊更新 - done
2023-10-30 00:00:24,415 [56] INFO  - @00:00:24 - job:天氣資訊更新 - JobWasExecuted
2023-10-30 00:00:31,239 [62] INFO  - @00:00:31 - job:設備 0 點和 12 點狀態更新 - done
2023-10-30 00:00:31,239 [62] INFO  - @00:00:31 - job:設備 0 點和 12 點狀態更新 - JobWasExecuted
2023-10-30 00:00:31,481 [31] INFO  - @00:00:31 - job:設備錯誤狀態更新 - done
2023-10-30 00:00:31,482 [31] INFO  - @00:00:31 - job:設備錯誤狀態更新 - JobWasExecuted
2023-10-30 00:01:00,000 [56] INFO  - @00:01:00 - job:Banpu 太陽能資料更新 - JobToBeExecuted
2023-10-30 00:01:00,149 [56] INFO  - @00:01:00 - job:Banpu 太陽能資料更新 - start
2023-10-30 00:01:00,532 [30] INFO  - @00:01:00 - job:Banpu 太陽能資料更新 - done
2023-10-30 00:01:00,532 [30] INFO  - @00:01:00 - job:Banpu 太陽能資料更新 - JobWasExecuted
2023-10-30 00:01:56,635 [58] INFO  - Redis -start
2023-10-30 00:01:56,638 [56] INFO  - Redis -end
2023-10-30 00:01:56,638 [56] INFO  - @00:01:56 - job:攝影機狀態更新 - done
2023-10-30 00:01:56,638 [56] INFO  - @00:01:56 - job:攝影機狀態更新 - JobWasExecuted
2023-10-30 00:05:00,000 [57] INFO  - @00:05:00 - job:攝影機狀態更新 - JobToBeExecuted
2023-10-30 00:05:00,000 [57] INFO  - @00:05:00 - job:攝影機狀態更新 - start
2023-10-30 00:06:49,294 [59] INFO  - Redis -start
2023-10-30 00:06:49,297 [59] INFO  - Redis -end
2023-10-30 00:06:49,297 [59] INFO  - @00:06:49 - job:攝影機狀態更新 - done
2023-10-30 00:06:49,297 [59] INFO  - @00:06:49 - job:攝影機狀態更新 - JobWasExecuted
2023-10-30 00:10:00,000 [59] INFO  - @00:10:00 - job:天氣資訊更新 - JobToBeExecuted
2023-10-30 00:10:00,001 [59] INFO  - @00:10:00 - job:天氣資訊更新 - start
2023-10-30 00:10:00,002 [58] INFO  - @00:10:00 - job:攝影機狀態更新 - JobToBeExecuted
2023-10-30 00:10:00,003 [58] INFO  - @00:10:00 - job:攝影機狀態更新 - start
2023-10-30 00:10:00,003 [58] INFO  - @00:10:00 - job:空氣品質資訊更新 - JobToBeExecuted
2023-10-30 00:10:00,003 [58] INFO  - @00:10:00 - job:空氣品質資訊更新 - start
2023-10-30 00:10:09,939 [59] INFO  - @00:10:09 - job:空氣品質資訊更新 - done
2023-10-30 00:10:09,939 [59] INFO  - @00:10:09 - job:空氣品質資訊更新 - JobWasExecuted
2023-10-30 00:10:11,844 [52] INFO  - @00:10:11 - job:天氣資訊更新 - done
2023-10-30 00:10:11,845 [52] INFO  - @00:10:11 - job:天氣資訊更新 - JobWasExecuted
2023-10-30 00:11:47,379 [58] INFO  - Redis -start
2023-10-30 00:11:47,382 [58] INFO  - Redis -end
2023-10-30 00:11:47,382 [58] INFO  - @00:11:47 - job:攝影機狀態更新 - done
2023-10-30 00:11:47,382 [58] INFO  - @00:11:47 - job:攝影機狀態更新 - JobWasExecuted
2023-10-30 00:15:00,000 [32] INFO  - @00:15:00 - job:攝影機狀態更新 - JobToBeExecuted
2023-10-30 00:15:00,000 [32] INFO  - @00:15:00 - job:攝影機狀態更新 - start
2023-10-30 00:16:55,400 [32] INFO  - Redis -start
2023-10-30 00:16:55,402 [32] INFO  - Redis -end
2023-10-30 00:16:55,402 [32] INFO  - @00:16:55 - job:攝影機狀態更新 - done
2023-10-30 00:16:55,402 [32] INFO  - @00:16:55 - job:攝影機狀態更新 - JobWasExecuted
2023-10-30 00:20:00,000 [51] INFO  - @00:20:00 - job:攝影機狀態更新 - JobToBeExecuted
2023-10-30 00:20:00,000 [51] INFO  - @00:20:00 - job:攝影機狀態更新 - start
2023-10-30 00:20:00,000 [51] INFO  - @00:20:00 - job:空氣品質資訊更新 - JobToBeExecuted
2023-10-30 00:20:00,000 [51] INFO  - @00:20:00 - job:空氣品質資訊更新 - start
2023-10-30 00:20:00,004 [32] INFO  - @00:20:00 - job:天氣資訊更新 - JobToBeExecuted
2023-10-30 00:20:00,004 [32] INFO  - @00:20:00 - job:天氣資訊更新 - start
2023-10-30 00:20:10,478 [32] INFO  - @00:20:10 - job:空氣品質資訊更新 - done
2023-10-30 00:20:10,479 [32] INFO  - @00:20:10 - job:空氣品質資訊更新 - JobWasExecuted
2023-10-30 00:20:17,473 [32] INFO  - @00:20:17 - job:天氣資訊更新 - done
2023-10-30 00:20:17,473 [32] INFO  - @00:20:17 - job:天氣資訊更新 - JobWasExecuted
2023-10-30 00:21:48,032 [28] INFO  - Redis -start
2023-10-30 00:21:48,035 [32] INFO  - Redis -end
2023-10-30 00:21:48,035 [32] INFO  - @00:21:48 - job:攝影機狀態更新 - done
2023-10-30 00:21:48,035 [32] INFO  - @00:21:48 - job:攝影機狀態更新 - JobWasExecuted
2023-10-30 00:25:00,001 [48] INFO  - @00:25:00 - job:攝影機狀態更新 - JobToBeExecuted
2023-10-30 00:25:00,001 [48] INFO  - @00:25:00 - job:攝影機狀態更新 - start
2023-10-30 00:27:00,564 [32] INFO  - Redis -start
2023-10-30 00:27:00,567 [32] INFO  - Redis -end
2023-10-30 00:27:00,567 [32] INFO  - @00:27:00 - job:攝影機狀態更新 - done
2023-10-30 00:27:00,567 [32] INFO  - @00:27:00 - job:攝影機狀態更新 - JobWasExecuted
2023-10-30 00:30:00,002 [32] INFO  - @00:30:00 - job:天氣資訊更新 - JobToBeExecuted
2023-10-30 00:30:00,002 [32] INFO  - @00:30:00 - job:天氣資訊更新 - start
2023-10-30 00:30:00,092 [14] INFO  - @00:30:00 - job:空氣品質資訊更新 - JobToBeExecuted
2023-10-30 00:30:00,092 [14] INFO  - @00:30:00 - job:空氣品質資訊更新 - start
2023-10-30 00:30:00,092 [54] INFO  - @00:30:00 - job:攝影機狀態更新 - JobToBeExecuted
2023-10-30 00:30:08,122 [28] INFO  - @00:30:08 - job:天氣資訊更新 - done
2023-10-30 00:30:08,123 [28] INFO  - @00:30:08 - job:天氣資訊更新 - JobWasExecuted
2023-10-30 00:30:13,073 [14] INFO  - @00:30:13 - job:空氣品質資訊更新 - done
2023-10-30 00:30:13,073 [14] INFO  - @00:30:13 - job:空氣品質資訊更新 - JobWasExecuted
2023-10-30 00:32:01,167 [32] INFO  - Redis -start
2023-10-30 00:32:01,170 [52] INFO  - Redis -end
2023-10-30 00:32:01,170 [52] INFO  - @00:32:01 - job:攝影機狀態更新 - done
2023-10-30 00:32:01,170 [52] INFO  - @00:32:01 - job:攝影機狀態更新 - JobWasExecuted
2023-10-30 00:35:00,000 [28] INFO  - @00:35:00 - job:攝影機狀態更新 - JobToBeExecuted
2023-10-30 00:35:00,000 [28] INFO  - @00:35:00 - job:攝影機狀態更新 - start
2023-10-30 00:36:53,784 [57] INFO  - Redis -start
2023-10-30 00:36:53,787 [57] INFO  - Redis -end
2023-10-30 00:36:53,787 [57] INFO  - @00:36:53 - job:攝影機狀態更新 - done
2023-10-30 00:36:53,787 [57] INFO  - @00:36:53 - job:攝影機狀態更新 - JobWasExecuted
2023-10-30 00:40:00,001 [57] INFO  - @00:40:00 - job:天氣資訊更新 - JobToBeExecuted
2023-10-30 00:40:00,001 [57] INFO  - @00:40:00 - job:天氣資訊更新 - start
2023-10-30 00:40:00,011 [32] INFO  - @00:40:00 - job:攝影機狀態更新 - JobToBeExecuted
2023-10-30 00:40:00,011 [32] INFO  - @00:40:00 - job:攝影機狀態更新 - start
2023-10-30 00:40:00,011 [32] INFO  - @00:40:00 - job:空氣品質資訊更新 - JobToBeExecuted
2023-10-30 00:40:00,011 [32] INFO  - @00:40:00 - job:空氣品質資訊更新 - start
2023-10-30 00:40:09,251 [31] INFO  - @00:40:09 - job:空氣品質資訊更新 - done
2023-10-30 00:40:09,251 [31] INFO  - @00:40:09 - job:空氣品質資訊更新 - JobWasExecuted
2023-10-30 00:40:13,837 [13] INFO  - @00:40:13 - job:天氣資訊更新 - done
2023-10-30 00:40:13,838 [13] INFO  - @00:40:13 - job:天氣資訊更新 - JobWasExecuted
2023-10-30 00:41:49,240 [13] INFO  - Redis -start
2023-10-30 00:41:49,243 [51] INFO  - Redis -end
2023-10-30 00:41:49,243 [51] INFO  - @00:41:49 - job:攝影機狀態更新 - done
2023-10-30 00:41:49,243 [51] INFO  - @00:41:49 - job:攝影機狀態更新 - JobWasExecuted
2023-10-30 00:45:00,001 [56] INFO  - @00:45:00 - job:攝影機狀態更新 - JobToBeExecuted
2023-10-30 00:45:00,001 [56] INFO  - @00:45:00 - job:攝影機狀態更新 - start
2023-10-30 00:46:50,826 [52] INFO  - Redis -start
2023-10-30 00:46:50,828 [52] INFO  - Redis -end
2023-10-30 00:46:50,828 [52] INFO  - @00:46:50 - job:攝影機狀態更新 - done
2023-10-30 00:46:50,828 [52] INFO  - @00:46:50 - job:攝影機狀態更新 - JobWasExecuted
2023-10-30 00:50:00,000 [47] INFO  - @00:50:00 - job:天氣資訊更新 - JobToBeExecuted
2023-10-30 00:50:00,001 [47] INFO  - @00:50:00 - job:天氣資訊更新 - start
2023-10-30 00:50:00,001 [56] INFO  - @00:50:00 - job:攝影機狀態更新 - JobToBeExecuted
2023-10-30 00:50:00,122 [47] INFO  - @00:50:00 - job:空氣品質資訊更新 - JobToBeExecuted
2023-10-30 00:50:00,122 [47] INFO  - @00:50:00 - job:空氣品質資訊更新 - start
2023-10-30 00:50:10,856 [28] INFO  - @00:50:10 - job:空氣品質資訊更新 - done
2023-10-30 00:50:10,856 [28] INFO  - @00:50:10 - job:空氣品質資訊更新 - JobWasExecuted
2023-10-30 00:50:12,043 [9] INFO  - @00:50:12 - job:天氣資訊更新 - done
2023-10-30 00:50:12,043 [9] INFO  - @00:50:12 - job:天氣資訊更新 - JobWasExecuted
2023-10-30 00:51:54,462 [9] INFO  - Redis -start
2023-10-30 00:51:54,464 [47] INFO  - Redis -end
2023-10-30 00:51:54,464 [47] INFO  - @00:51:54 - job:攝影機狀態更新 - done
2023-10-30 00:51:54,465 [47] INFO  - @00:51:54 - job:攝影機狀態更新 - JobWasExecuted
2023-10-30 00:55:00,000 [28] INFO  - @00:55:00 - job:攝影機狀態更新 - JobToBeExecuted
2023-10-30 00:55:00,000 [28] INFO  - @00:55:00 - job:攝影機狀態更新 - start
2023-10-30 00:56:45,951 [45] INFO  - Redis -start
2023-10-30 00:56:45,953 [28] INFO  - Redis -end
2023-10-30 00:56:45,953 [28] INFO  - @00:56:45 - job:攝影機狀態更新 - done
2023-10-30 00:56:45,954 [28] INFO  - @00:56:45 - job:攝影機狀態更新 - JobWasExecuted
2023-10-30 01:00:00,003 [31] INFO  - @01:00:00 - job:天氣資訊更新 - JobToBeExecuted
2023-10-30 01:00:00,004 [31] INFO  - @01:00:00 - job:天氣資訊更新 - start
2023-10-30 01:00:00,004 [28] INFO  - @01:00:00 - job:攝影機狀態更新 - JobToBeExecuted
2023-10-30 01:00:09,775 [50] INFO  - @01:00:09 - job:天氣資訊更新 - done
2023-10-30 01:00:09,776 [50] INFO  - @01:00:09 - job:天氣資訊更新 - JobWasExecuted
2023-10-30 01:00:14,956 [51] INFO  - @01:00:14 - job:空氣品質資訊更新 - done
2023-10-30 01:00:14,957 [51] INFO  - @01:00:14 - job:空氣品質資訊更新 - JobWasExecuted
2023-10-30 01:01:00,000 [50] INFO  - @01:01:00 - job:Banpu 太陽能資料更新 - JobToBeExecuted
2023-10-30 01:01:00,117 [50] INFO  - @01:01:00 - job:Banpu 太陽能資料更新 - start
2023-10-30 01:01:00,375 [57] INFO  - @01:01:00 - job:Banpu 太陽能資料更新 - done
2023-10-30 01:01:00,375 [57] INFO  - @01:01:00 - job:Banpu 太陽能資料更新 - JobWasExecuted
2023-10-30 01:02:01,645 [50] INFO  - Redis -start
2023-10-30 01:02:01,649 [50] INFO  - Redis -end
2023-10-30 01:02:01,649 [50] INFO  - @01:02:01 - job:攝影機狀態更新 - done
2023-10-30 01:02:01,650 [50] INFO  - @01:02:01 - job:攝影機狀態更新 - JobWasExecuted
2023-10-30 01:05:00,000 [50] INFO  - @01:05:00 - job:攝影機狀態更新 - JobToBeExecuted
2023-10-30 01:05:00,000 [50] INFO  - @01:05:00 - job:攝影機狀態更新 - start
2023-10-30 01:06:49,120 [45] INFO  - Redis -start
2023-10-30 01:06:49,122 [45] INFO  - Redis -end
2023-10-30 01:06:49,123 [45] INFO  - @01:06:49 - job:攝影機狀態更新 - done
2023-10-30 01:06:49,123 [45] INFO  - @01:06:49 - job:攝影機狀態更新 - JobWasExecuted
2023-10-30 01:10:00,000 [50] INFO  - @01:10:00 - job:天氣資訊更新 - JobToBeExecuted
2023-10-30 01:10:00,000 [50] INFO  - @01:10:00 - job:天氣資訊更新 - start
2023-10-30 01:10:00,098 [46] INFO  - @01:10:00 - job:攝影機狀態更新 - JobToBeExecuted
2023-10-30 01:10:00,098 [46] INFO  - @01:10:00 - job:攝影機狀態更新 - start
2023-10-30 01:10:00,098 [30] INFO  - @01:10:00 - job:空氣品質資訊更新 - JobToBeExecuted
2023-10-30 01:10:05,236 [46] INFO  - @01:10:05 - job:天氣資訊更新 - done
2023-10-30 01:10:05,236 [46] INFO  - @01:10:05 - job:天氣資訊更新 - JobWasExecuted
2023-10-30 01:10:08,929 [30] INFO  - @01:10:08 - job:空氣品質資訊更新 - done
2023-10-30 01:10:08,929 [30] INFO  - @01:10:08 - job:空氣品質資訊更新 - JobWasExecuted
2023-10-30 01:11:57,624 [46] INFO  - Redis -start
2023-10-30 01:11:57,627 [9] INFO  - Redis -end
2023-10-30 01:11:57,627 [9] INFO  - @01:11:57 - job:攝影機狀態更新 - done
2023-10-30 01:11:57,627 [9] INFO  - @01:11:57 - job:攝影機狀態更新 - JobWasExecuted
2023-10-30 01:15:00,000 [45] INFO  - @01:15:00 - job:攝影機狀態更新 - JobToBeExecuted
2023-10-30 01:15:00,000 [45] INFO  - @01:15:00 - job:攝影機狀態更新 - start
2023-10-30 01:16:46,213 [52] INFO  - Redis -start
2023-10-30 01:16:46,215 [46] INFO  - Redis -end
2023-10-30 01:16:46,218 [46] INFO  - @01:16:46 - job:攝影機狀態更新 - done
2023-10-30 01:16:46,218 [46] INFO  - @01:16:46 - job:攝影機狀態更新 - JobWasExecuted
2023-10-30 01:20:00,000 [28] INFO  - @01:20:00 - job:天氣資訊更新 - JobToBeExecuted
2023-10-30 01:20:00,000 [28] INFO  - @01:20:00 - job:天氣資訊更新 - start
2023-10-30 01:20:00,014 [52] INFO  - @01:20:00 - job:攝影機狀態更新 - JobToBeExecuted
2023-10-30 01:20:00,018 [52] INFO  - @01:20:00 - job:攝影機狀態更新 - start
2023-10-30 01:20:00,023 [52] INFO  - @01:20:00 - job:空氣品質資訊更新 - JobToBeExecuted
2023-10-30 01:20:00,024 [52] INFO  - @01:20:00 - job:空氣品質資訊更新 - start
2023-10-30 01:20:10,613 [52] INFO  - @01:20:10 - job:空氣品質資訊更新 - done
2023-10-30 01:20:10,613 [52] INFO  - @01:20:10 - job:空氣品質資訊更新 - JobWasExecuted
2023-10-30 01:20:53,194 [56] INFO  - @01:20:53 - job:天氣資訊更新 - done
2023-10-30 01:20:53,195 [56] INFO  - @01:20:53 - job:天氣資訊更新 - JobWasExecuted
2023-10-30 01:21:57,810 [13] INFO  - Redis -start
2023-10-30 01:21:57,812 [13] INFO  - Redis -end
2023-10-30 01:21:57,812 [13] INFO  - @01:21:57 - job:攝影機狀態更新 - done
2023-10-30 01:21:57,812 [13] INFO  - @01:21:57 - job:攝影機狀態更新 - JobWasExecuted
2023-10-30 01:25:00,001 [28] INFO  - @01:25:00 - job:攝影機狀態更新 - JobToBeExecuted
2023-10-30 01:25:00,002 [28] INFO  - @01:25:00 - job:攝影機狀態更新 - start
2023-10-30 01:26:59,350 [51] INFO  - Redis -start
2023-10-30 01:26:59,353 [9] INFO  - Redis -end
2023-10-30 01:26:59,353 [9] INFO  - @01:26:59 - job:攝影機狀態更新 - done
2023-10-30 01:26:59,353 [9] INFO  - @01:26:59 - job:攝影機狀態更新 - JobWasExecuted
2023-10-30 01:30:00,001 [3] INFO  - @01:30:00 - job:天氣資訊更新 - JobToBeExecuted
2023-10-30 01:30:00,001 [3] INFO  - @01:30:00 - job:天氣資訊更新 - start
2023-10-30 01:30:00,008 [9] INFO  - @01:30:00 - job:攝影機狀態更新 - JobToBeExecuted
2023-10-30 01:30:00,008 [9] INFO  - @01:30:00 - job:攝影機狀態更新 - start
2023-10-30 01:30:00,008 [9] INFO  - @01:30:00 - job:空氣品質資訊更新 - JobToBeExecuted
2023-10-30 01:30:00,008 [9] INFO  - @01:30:00 - job:空氣品質資訊更新 - start
2023-10-30 01:30:05,281 [57] INFO  - @01:30:05 - job:天氣資訊更新 - done
2023-10-30 01:30:05,281 [57] INFO  - @01:30:05 - job:天氣資訊更新 - JobWasExecuted
2023-10-30 01:30:14,330 [30] INFO  - @01:30:14 - job:空氣品質資訊更新 - done
2023-10-30 01:30:14,330 [30] INFO  - @01:30:14 - job:空氣品質資訊更新 - JobWasExecuted
2023-10-30 01:31:58,973 [58] INFO  - Redis -start
2023-10-30 01:31:58,975 [58] INFO  - Redis -end
2023-10-30 01:31:58,976 [58] INFO  - @01:31:58 - job:攝影機狀態更新 - done
2023-10-30 01:31:58,976 [58] INFO  - @01:31:58 - job:攝影機狀態更新 - JobWasExecuted
2023-10-30 01:35:00,000 [30] INFO  - @01:35:00 - job:攝影機狀態更新 - JobToBeExecuted
2023-10-30 01:35:00,000 [30] INFO  - @01:35:00 - job:攝影機狀態更新 - start
2023-10-30 01:36:55,652 [51] INFO  - Redis -start
2023-10-30 01:36:55,655 [51] INFO  - Redis -end
2023-10-30 01:36:55,655 [51] INFO  - @01:36:55 - job:攝影機狀態更新 - done
2023-10-30 01:36:55,655 [51] INFO  - @01:36:55 - job:攝影機狀態更新 - JobWasExecuted
2023-10-30 01:40:00,005 [50] INFO  - @01:40:00 - job:天氣資訊更新 - JobToBeExecuted
2023-10-30 01:40:00,006 [50] INFO  - @01:40:00 - job:天氣資訊更新 - start
2023-10-30 01:40:00,055 [31] INFO  - @01:40:00 - job:攝影機狀態更新 - JobToBeExecuted
2023-10-30 01:40:00,056 [31] INFO  - @01:40:00 - job:攝影機狀態更新 - start
2023-10-30 01:40:07,836 [28] INFO  - @01:40:07 - job:天氣資訊更新 - done
2023-10-30 01:40:07,836 [28] INFO  - @01:40:07 - job:天氣資訊更新 - JobWasExecuted
2023-10-30 01:40:09,852 [52] INFO  - @01:40:09 - job:空氣品質資訊更新 - done
2023-10-30 01:40:09,853 [52] INFO  - @01:40:09 - job:空氣品質資訊更新 - JobWasExecuted
2023-10-30 01:41:54,306 [46] INFO  - Redis -start
2023-10-30 01:41:54,309 [52] INFO  - Redis -end
2023-10-30 01:41:54,309 [52] INFO  - @01:41:54 - job:攝影機狀態更新 - done
2023-10-30 01:41:54,309 [52] INFO  - @01:41:54 - job:攝影機狀態更新 - JobWasExecuted
2023-10-30 01:45:00,000 [46] INFO  - @01:45:00 - job:攝影機狀態更新 - JobToBeExecuted
2023-10-30 01:45:00,000 [46] INFO  - @01:45:00 - job:攝影機狀態更新 - start
2023-10-30 01:46:56,804 [52] INFO  - Redis -start
2023-10-30 01:46:56,806 [51] INFO  - Redis -end
2023-10-30 01:46:56,807 [51] INFO  - @01:46:56 - job:攝影機狀態更新 - done
2023-10-30 01:46:56,807 [51] INFO  - @01:46:56 - job:攝影機狀態更新 - JobWasExecuted
2023-10-30 01:50:00,003 [47] INFO  - @01:50:00 - job:天氣資訊更新 - JobToBeExecuted
2023-10-30 01:50:00,004 [51] INFO  - @01:50:00 - job:攝影機狀態更新 - JobToBeExecuted
2023-10-30 01:50:00,016 [51] INFO  - @01:50:00 - job:攝影機狀態更新 - start
2023-10-30 01:50:00,016 [47] INFO  - @01:50:00 - job:天氣資訊更新 - start
2023-10-30 01:50:03,983 [51] INFO  - @01:50:03 - job:天氣資訊更新 - done
2023-10-30 01:50:03,984 [51] INFO  - @01:50:03 - job:天氣資訊更新 - JobWasExecuted
2023-10-30 01:50:09,734 [28] INFO  - @01:50:09 - job:空氣品質資訊更新 - done
2023-10-30 01:50:09,734 [28] INFO  - @01:50:09 - job:空氣品質資訊更新 - JobWasExecuted
2023-10-30 01:51:47,299 [3] INFO  - Redis -start
2023-10-30 01:51:47,302 [28] INFO  - Redis -end
2023-10-30 01:51:47,302 [28] INFO  - @01:51:47 - job:攝影機狀態更新 - done
2023-10-30 01:51:47,302 [28] INFO  - @01:51:47 - job:攝影機狀態更新 - JobWasExecuted
2023-10-30 01:55:00,000 [52] INFO  - @01:55:00 - job:攝影機狀態更新 - JobToBeExecuted
2023-10-30 01:55:00,000 [52] INFO  - @01:55:00 - job:攝影機狀態更新 - start
2023-10-30 01:56:53,784 [13] INFO  - Redis -start
2023-10-30 01:56:53,786 [13] INFO  - Redis -end
2023-10-30 01:56:53,786 [13] INFO  - @01:56:53 - job:攝影機狀態更新 - done
2023-10-30 01:56:53,787 [13] INFO  - @01:56:53 - job:攝影機狀態更新 - JobWasExecuted
2023-10-30 02:00:00,000 [45] INFO  - @02:00:00 - job:攝影機狀態更新 - JobToBeExecuted
2023-10-30 02:00:00,000 [45] INFO  - @02:00:00 - job:攝影機狀態更新 - start
2023-10-30 02:00:00,000 [45] INFO  - @02:00:00 - job:空氣品質資訊更新 - JobToBeExecuted
2023-10-30 02:00:00,000 [45] INFO  - @02:00:00 - job:空氣品質資訊更新 - start
2023-10-30 02:00:07,362 [32] INFO  - @02:00:07 - job:天氣資訊更新 - done
2023-10-30 02:00:07,362 [32] INFO  - @02:00:07 - job:天氣資訊更新 - JobWasExecuted
2023-10-30 02:00:15,105 [45] INFO  - @02:00:15 - job:空氣品質資訊更新 - done
2023-10-30 02:00:15,105 [45] INFO  - @02:00:15 - job:空氣品質資訊更新 - JobWasExecuted
2023-10-30 02:01:00,000 [30] INFO  - @02:01:00 - job:Banpu 太陽能資料更新 - JobToBeExecuted
2023-10-30 02:01:00,119 [30] INFO  - @02:01:00 - job:Banpu 太陽能資料更新 - start
2023-10-30 02:01:00,396 [50] INFO  - @02:01:00 - job:Banpu 太陽能資料更新 - done
2023-10-30 02:01:00,396 [50] INFO  - @02:01:00 - job:Banpu 太陽能資料更新 - JobWasExecuted
2023-10-30 02:02:00,412 [48] INFO  - Redis -start
2023-10-30 02:02:00,414 [30] INFO  - Redis -end
2023-10-30 02:02:00,415 [30] INFO  - @02:02:00 - job:攝影機狀態更新 - done
2023-10-30 02:02:00,415 [30] INFO  - @02:02:00 - job:攝影機狀態更新 - JobWasExecuted
2023-10-30 02:05:00,000 [30] INFO  - @02:05:00 - job:攝影機狀態更新 - JobToBeExecuted
2023-10-30 02:05:00,000 [30] INFO  - @02:05:00 - job:攝影機狀態更新 - start
2023-10-30 02:06:47,971 [45] INFO  - Redis -start
2023-10-30 02:06:47,974 [30] INFO  - Redis -end
2023-10-30 02:06:47,974 [30] INFO  - @02:06:47 - job:攝影機狀態更新 - done
2023-10-30 02:06:47,974 [30] INFO  - @02:06:47 - job:攝影機狀態更新 - JobWasExecuted
2023-10-30 02:10:00,000 [31] INFO  - @02:10:00 - job:天氣資訊更新 - JobToBeExecuted
2023-10-30 02:10:00,016 [31] INFO  - @02:10:00 - job:天氣資訊更新 - start
2023-10-30 02:10:00,000 [48] INFO  - @02:10:00 - job:空氣品質資訊更新 - JobToBeExecuted
2023-10-30 02:10:00,000 [30] INFO  - @02:10:00 - job:攝影機狀態更新 - JobToBeExecuted
2023-10-30 02:10:04,577 [48] INFO  - @02:10:04 - job:天氣資訊更新 - done
2023-10-30 02:10:04,577 [48] INFO  - @02:10:04 - job:天氣資訊更新 - JobWasExecuted
2023-10-30 02:10:10,271 [31] INFO  - @02:10:10 - job:空氣品質資訊更新 - done
2023-10-30 02:10:10,271 [31] INFO  - @02:10:10 - job:空氣品質資訊更新 - JobWasExecuted
2023-10-30 02:11:53,513 [48] INFO  - Redis -start
2023-10-30 02:11:53,516 [48] INFO  - Redis -end
2023-10-30 02:11:53,516 [48] INFO  - @02:11:53 - job:攝影機狀態更新 - done
2023-10-30 02:11:53,516 [48] INFO  - @02:11:53 - job:攝影機狀態更新 - JobWasExecuted
2023-10-30 02:15:00,000 [30] INFO  - @02:15:00 - job:攝影機狀態更新 - JobToBeExecuted
2023-10-30 02:15:00,000 [30] INFO  - @02:15:00 - job:攝影機狀態更新 - start
2023-10-30 02:16:56,934 [9] INFO  - Redis -start
2023-10-30 02:16:56,937 [31] INFO  - Redis -end
2023-10-30 02:16:56,937 [31] INFO  - @02:16:56 - job:攝影機狀態更新 - done
2023-10-30 02:16:56,937 [31] INFO  - @02:16:56 - job:攝影機狀態更新 - JobWasExecuted
2023-10-30 02:20:00,000 [13] INFO  - @02:20:00 - job:攝影機狀態更新 - JobToBeExecuted
2023-10-30 02:20:00,000 [13] INFO  - @02:20:00 - job:攝影機狀態更新 - start
2023-10-30 02:20:00,001 [9] INFO  - @02:20:00 - job:天氣資訊更新 - JobToBeExecuted
2023-10-30 02:20:00,001 [9] INFO  - @02:20:00 - job:天氣資訊更新 - start
2023-10-30 02:20:00,143 [9] INFO  - @02:20:00 - job:空氣品質資訊更新 - JobToBeExecuted
2023-10-30 02:20:00,143 [9] INFO  - @02:20:00 - job:空氣品質資訊更新 - start
2023-10-30 02:20:03,977 [9] INFO  - @02:20:03 - job:天氣資訊更新 - done
2023-10-30 02:20:03,977 [9] INFO  - @02:20:03 - job:天氣資訊更新 - JobWasExecuted
2023-10-30 02:20:10,445 [9] INFO  - @02:20:10 - job:空氣品質資訊更新 - done
2023-10-30 02:20:10,445 [9] INFO  - @02:20:10 - job:空氣品質資訊更新 - JobWasExecuted
2023-10-30 02:21:52,792 [9] INFO  - Redis -start
2023-10-30 02:21:52,795 [47] INFO  - Redis -end
2023-10-30 02:21:52,795 [47] INFO  - @02:21:52 - job:攝影機狀態更新 - done
2023-10-30 02:21:52,795 [47] INFO  - @02:21:52 - job:攝影機狀態更新 - JobWasExecuted
2023-10-30 02:25:00,000 [52] INFO  - @02:25:00 - job:攝影機狀態更新 - JobToBeExecuted
2023-10-30 02:25:00,002 [52] INFO  - @02:25:00 - job:攝影機狀態更新 - start
2023-10-30 02:26:53,398 [47] INFO  - Redis -start
2023-10-30 02:26:53,404 [52] INFO  - Redis -end
2023-10-30 02:26:53,404 [52] INFO  - @02:26:53 - job:攝影機狀態更新 - done
2023-10-30 02:26:53,404 [52] INFO  - @02:26:53 - job:攝影機狀態更新 - JobWasExecuted
2023-10-30 02:30:00,004 [47] INFO  - @02:30:00 - job:攝影機狀態更新 - JobToBeExecuted
2023-10-30 02:30:00,004 [47] INFO  - @02:30:00 - job:攝影機狀態更新 - start
2023-10-30 02:30:00,004 [47] INFO  - @02:30:00 - job:空氣品質資訊更新 - JobToBeExecuted
2023-10-30 02:30:00,004 [47] INFO  - @02:30:00 - job:空氣品質資訊更新 - start
2023-10-30 02:30:05,920 [13] INFO  - @02:30:05 - job:天氣資訊更新 - done
2023-10-30 02:30:05,920 [13] INFO  - @02:30:05 - job:天氣資訊更新 - JobWasExecuted
2023-10-30 02:30:09,916 [47] INFO  - @02:30:09 - job:空氣品質資訊更新 - done
2023-10-30 02:30:09,917 [47] INFO  - @02:30:09 - job:空氣品質資訊更新 - JobWasExecuted
2023-10-30 02:31:55,859 [47] INFO  - Redis -start
2023-10-30 02:31:55,863 [30] INFO  - Redis -end
2023-10-30 02:31:55,864 [30] INFO  - @02:31:55 - job:攝影機狀態更新 - done
2023-10-30 02:31:55,864 [30] INFO  - @02:31:55 - job:攝影機狀態更新 - JobWasExecuted
2023-10-30 02:35:00,000 [3] INFO  - @02:35:00 - job:攝影機狀態更新 - JobToBeExecuted
2023-10-30 02:35:00,003 [3] INFO  - @02:35:00 - job:攝影機狀態更新 - start
2023-10-30 02:36:48,935 [48] INFO  - Redis -start
2023-10-30 02:36:48,938 [48] INFO  - Redis -end
2023-10-30 02:36:48,938 [48] INFO  - @02:36:48 - job:攝影機狀態更新 - done
2023-10-30 02:36:48,938 [48] INFO  - @02:36:48 - job:攝影機狀態更新 - JobWasExecuted
2023-10-30 02:40:00,011 [3] INFO  - @02:40:00 - job:天氣資訊更新 - JobToBeExecuted
2023-10-30 02:40:00,011 [3] INFO  - @02:40:00 - job:天氣資訊更新 - start
2023-10-30 02:40:00,014 [48] INFO  - @02:40:00 - job:攝影機狀態更新 - JobToBeExecuted
2023-10-30 02:40:00,015 [48] INFO  - @02:40:00 - job:攝影機狀態更新 - start
2023-10-30 02:40:00,015 [48] INFO  - @02:40:00 - job:空氣品質資訊更新 - JobToBeExecuted
2023-10-30 02:40:00,015 [48] INFO  - @02:40:00 - job:空氣品質資訊更新 - start
2023-10-30 02:40:04,005 [31] INFO  - @02:40:04 - job:天氣資訊更新 - done
2023-10-30 02:40:04,006 [31] INFO  - @02:40:04 - job:天氣資訊更新 - JobWasExecuted
2023-10-30 02:40:11,596 [48] INFO  - @02:40:11 - job:空氣品質資訊更新 - done
2023-10-30 02:40:11,596 [48] INFO  - @02:40:11 - job:空氣品質資訊更新 - JobWasExecuted
2023-10-30 02:41:58,885 [3] INFO  - Redis -start
2023-10-30 02:41:58,887 [52] INFO  - Redis -end
2023-10-30 02:41:58,887 [52] INFO  - @02:41:58 - job:攝影機狀態更新 - done
2023-10-30 02:41:58,887 [52] INFO  - @02:41:58 - job:攝影機狀態更新 - JobWasExecuted
2023-10-30 02:45:00,000 [48] INFO  - @02:45:00 - job:攝影機狀態更新 - JobToBeExecuted
2023-10-30 02:45:00,001 [48] INFO  - @02:45:00 - job:攝影機狀態更新 - start
2023-10-30 02:47:01,432 [30] INFO  - Redis -start
2023-10-30 02:47:01,435 [3] INFO  - Redis -end
2023-10-30 02:47:01,435 [3] INFO  - @02:47:01 - job:攝影機狀態更新 - done
2023-10-30 02:47:01,435 [3] INFO  - @02:47:01 - job:攝影機狀態更新 - JobWasExecuted
2023-10-30 02:50:00,000 [47] INFO  - @02:50:00 - job:天氣資訊更新 - JobToBeExecuted
2023-10-30 02:50:00,000 [47] INFO  - @02:50:00 - job:天氣資訊更新 - start
2023-10-30 02:50:00,174 [47] INFO  - @02:50:00 - job:攝影機狀態更新 - JobToBeExecuted
2023-10-30 02:50:00,174 [47] INFO  - @02:50:00 - job:攝影機狀態更新 - start
2023-10-30 02:50:00,174 [47] INFO  - @02:50:00 - job:空氣品質資訊更新 - JobToBeExecuted
2023-10-30 02:50:00,174 [47] INFO  - @02:50:00 - job:空氣品質資訊更新 - start
2023-10-30 02:50:05,476 [47] INFO  - @02:50:05 - job:天氣資訊更新 - done
2023-10-30 02:50:05,476 [47] INFO  - @02:50:05 - job:天氣資訊更新 - JobWasExecuted
2023-10-30 02:50:10,967 [3] INFO  - @02:50:10 - job:空氣品質資訊更新 - done
2023-10-30 02:50:10,967 [3] INFO  - @02:50:10 - job:空氣品質資訊更新 - JobWasExecuted
2023-10-30 02:51:48,065 [50] INFO  - Redis -start
2023-10-30 02:51:48,067 [30] INFO  - Redis -end
2023-10-30 02:51:48,067 [30] INFO  - @02:51:48 - job:攝影機狀態更新 - done
2023-10-30 02:51:48,067 [30] INFO  - @02:51:48 - job:攝影機狀態更新 - JobWasExecuted
2023-10-30 02:55:00,000 [9] INFO  - @02:55:00 - job:攝影機狀態更新 - JobToBeExecuted
2023-10-30 02:55:00,000 [9] INFO  - @02:55:00 - job:攝影機狀態更新 - start
2023-10-30 02:56:49,597 [52] INFO  - Redis -start
2023-10-30 02:56:49,599 [9] INFO  - Redis -end
2023-10-30 02:56:49,599 [9] INFO  - @02:56:49 - job:攝影機狀態更新 - done
2023-10-30 02:56:49,599 [9] INFO  - @02:56:49 - job:攝影機狀態更新 - JobWasExecuted
2023-10-30 03:00:00,000 [31] INFO  - @03:00:00 - job:天氣資訊更新 - JobToBeExecuted
2023-10-30 03:00:00,001 [31] INFO  - @03:00:00 - job:天氣資訊更新 - start
2023-10-30 03:00:00,000 [9] INFO  - @03:00:00 - job:攝影機狀態更新 - JobToBeExecuted
2023-10-30 03:00:00,007 [9] INFO  - @03:00:00 - job:空氣品質資訊更新 - JobToBeExecuted
2023-10-30 03:00:00,008 [9] INFO  - @03:00:00 - job:空氣品質資訊更新 - start
2023-10-30 03:00:08,688 [50] INFO  - @03:00:08 - job:天氣資訊更新 - done
2023-10-30 03:00:08,688 [50] INFO  - @03:00:08 - job:天氣資訊更新 - JobWasExecuted
2023-10-30 03:00:15,514 [52] INFO  - @03:00:15 - job:空氣品質資訊更新 - done
2023-10-30 03:00:15,514 [52] INFO  - @03:00:15 - job:空氣品質資訊更新 - JobWasExecuted
2023-10-30 03:01:00,000 [52] INFO  - @03:01:00 - job:Banpu 太陽能資料更新 - JobToBeExecuted
2023-10-30 03:01:00,112 [52] INFO  - @03:01:00 - job:Banpu 太陽能資料更新 - start
2023-10-30 03:01:00,335 [51] INFO  - @03:01:00 - job:Banpu 太陽能資料更新 - done
2023-10-30 03:01:00,335 [51] INFO  - @03:01:00 - job:Banpu 太陽能資料更新 - JobWasExecuted
2023-10-30 03:01:54,181 [51] INFO  - Redis -start
2023-10-30 03:01:54,188 [51] INFO  - Redis -end
2023-10-30 03:01:54,188 [51] INFO  - @03:01:54 - job:攝影機狀態更新 - done
2023-10-30 03:01:54,189 [51] INFO  - @03:01:54 - job:攝影機狀態更新 - JobWasExecuted
2023-10-30 03:05:00,000 [13] INFO  - @03:05:00 - job:攝影機狀態更新 - JobToBeExecuted
2023-10-30 03:05:00,001 [13] INFO  - @03:05:00 - job:攝影機狀態更新 - start
2023-10-30 03:06:49,740 [45] INFO  - Redis -start
2023-10-30 03:06:49,742 [45] INFO  - Redis -end
2023-10-30 03:06:49,742 [45] INFO  - @03:06:49 - job:攝影機狀態更新 - done
2023-10-30 03:06:49,743 [45] INFO  - @03:06:49 - job:攝影機狀態更新 - JobWasExecuted
2023-10-30 03:10:00,000 [45] INFO  - @03:10:00 - job:天氣資訊更新 - JobToBeExecuted
2023-10-30 03:10:00,000 [45] INFO  - @03:10:00 - job:天氣資訊更新 - start
2023-10-30 03:10:00,002 [52] INFO  - @03:10:00 - job:攝影機狀態更新 - JobToBeExecuted
2023-10-30 03:10:00,002 [52] INFO  - @03:10:00 - job:攝影機狀態更新 - start
2023-10-30 03:10:00,004 [52] INFO  - @03:10:00 - job:空氣品質資訊更新 - JobToBeExecuted
2023-10-30 03:10:00,004 [52] INFO  - @03:10:00 - job:空氣品質資訊更新 - start
2023-10-30 03:10:03,907 [3] INFO  - @03:10:03 - job:天氣資訊更新 - done
2023-10-30 03:10:03,907 [3] INFO  - @03:10:03 - job:天氣資訊更新 - JobWasExecuted
2023-10-30 03:10:10,802 [13] INFO  - @03:10:10 - job:空氣品質資訊更新 - done
2023-10-30 03:10:10,802 [13] INFO  - @03:10:10 - job:空氣品質資訊更新 - JobWasExecuted
2023-10-30 03:11:53,187 [52] INFO  - Redis -start
2023-10-30 03:11:53,190 [52] INFO  - Redis -end
2023-10-30 03:11:53,190 [52] INFO  - @03:11:53 - job:攝影機狀態更新 - done
2023-10-30 03:11:53,190 [52] INFO  - @03:11:53 - job:攝影機狀態更新 - JobWasExecuted
2023-10-30 03:15:00,003 [9] INFO  - @03:15:00 - job:攝影機狀態更新 - JobToBeExecuted
2023-10-30 03:15:00,004 [9] INFO  - @03:15:00 - job:攝影機狀態更新 - start
2023-10-30 03:16:56,758 [47] INFO  - Redis -start
2023-10-30 03:16:56,760 [47] INFO  - Redis -end
2023-10-30 03:16:56,760 [47] INFO  - @03:16:56 - job:攝影機狀態更新 - done
2023-10-30 03:16:56,760 [47] INFO  - @03:16:56 - job:攝影機狀態更新 - JobWasExecuted
2023-10-30 03:20:00,000 [47] INFO  - @03:20:00 - job:天氣資訊更新 - JobToBeExecuted
2023-10-30 03:20:00,001 [47] INFO  - @03:20:00 - job:天氣資訊更新 - start
2023-10-30 03:20:00,060 [46] INFO  - @03:20:00 - job:空氣品質資訊更新 - JobToBeExecuted
2023-10-30 03:20:00,060 [46] INFO  - @03:20:00 - job:空氣品質資訊更新 - start
2023-10-30 03:20:04,230 [47] INFO  - @03:20:04 - job:天氣資訊更新 - done
2023-10-30 03:20:04,230 [47] INFO  - @03:20:04 - job:天氣資訊更新 - JobWasExecuted
2023-10-30 03:20:10,424 [9] INFO  - @03:20:10 - job:空氣品質資訊更新 - done
2023-10-30 03:20:10,424 [9] INFO  - @03:20:10 - job:空氣品質資訊更新 - JobWasExecuted
2023-10-30 03:21:49,941 [31] INFO  - Redis -start
2023-10-30 03:21:49,944 [31] INFO  - Redis -end
2023-10-30 03:21:49,944 [31] INFO  - @03:21:49 - job:攝影機狀態更新 - done
2023-10-30 03:21:49,944 [31] INFO  - @03:21:49 - job:攝影機狀態更新 - JobWasExecuted
2023-10-30 03:25:00,000 [13] INFO  - @03:25:00 - job:攝影機狀態更新 - JobToBeExecuted
2023-10-30 03:25:00,000 [13] INFO  - @03:25:00 - job:攝影機狀態更新 - start
2023-10-30 03:26:51,893 [50] INFO  - Redis -start
2023-10-30 03:26:51,895 [3] INFO  - Redis -end
2023-10-30 03:26:51,895 [3] INFO  - @03:26:51 - job:攝影機狀態更新 - done
2023-10-30 03:26:51,895 [3] INFO  - @03:26:51 - job:攝影機狀態更新 - JobWasExecuted
2023-10-30 03:30:00,000 [13] INFO  - @03:30:00 - job:天氣資訊更新 - JobToBeExecuted
2023-10-30 03:30:00,000 [13] INFO  - @03:30:00 - job:天氣資訊更新 - start
2023-10-30 03:30:00,002 [31] INFO  - @03:30:00 - job:攝影機狀態更新 - JobToBeExecuted
2023-10-30 03:30:00,002 [31] INFO  - @03:30:00 - job:攝影機狀態更新 - start
2023-10-30 03:30:00,004 [31] INFO  - @03:30:00 - job:空氣品質資訊更新 - JobToBeExecuted
2023-10-30 03:30:00,004 [31] INFO  - @03:30:00 - job:空氣品質資訊更新 - start
2023-10-30 03:30:03,680 [50] INFO  - @03:30:03 - job:天氣資訊更新 - done
2023-10-30 03:30:03,681 [50] INFO  - @03:30:03 - job:天氣資訊更新 - JobWasExecuted
2023-10-30 03:30:10,176 [13] INFO  - @03:30:10 - job:空氣品質資訊更新 - done
2023-10-30 03:30:10,176 [13] INFO  - @03:30:10 - job:空氣品質資訊更新 - JobWasExecuted
2023-10-30 03:31:49,413 [50] INFO  - Redis -start
2023-10-30 03:31:49,416 [13] INFO  - Redis -end
2023-10-30 03:31:49,416 [13] INFO  - @03:31:49 - job:攝影機狀態更新 - done
2023-10-30 03:31:49,417 [13] INFO  - @03:31:49 - job:攝影機狀態更新 - JobWasExecuted
2023-10-30 03:35:00,000 [45] INFO  - @03:35:00 - job:攝影機狀態更新 - JobToBeExecuted
2023-10-30 03:35:00,000 [45] INFO  - @03:35:00 - job:攝影機狀態更新 - start
2023-10-30 03:36:55,882 [51] INFO  - Redis -start
2023-10-30 03:36:55,885 [51] INFO  - Redis -end
2023-10-30 03:36:55,885 [51] INFO  - @03:36:55 - job:攝影機狀態更新 - done
2023-10-30 03:36:55,885 [51] INFO  - @03:36:55 - job:攝影機狀態更新 - JobWasExecuted
2023-10-30 03:40:00,000 [31] INFO  - @03:40:00 - job:攝影機狀態更新 - JobToBeExecuted
2023-10-30 03:40:00,000 [31] INFO  - @03:40:00 - job:攝影機狀態更新 - start
2023-10-30 03:40:00,000 [13] INFO  - @03:40:00 - job:空氣品質資訊更新 - JobToBeExecuted
2023-10-30 03:40:00,004 [3] INFO  - @03:40:00 - job:天氣資訊更新 - JobToBeExecuted
2023-10-30 03:40:00,004 [3] INFO  - @03:40:00 - job:天氣資訊更新 - start
2023-10-30 03:40:00,011 [13] INFO  - @03:40:00 - job:空氣品質資訊更新 - start
2023-10-30 03:40:03,260 [31] INFO  - @03:40:03 - job:天氣資訊更新 - done
2023-10-30 03:40:03,261 [31] INFO  - @03:40:03 - job:天氣資訊更新 - JobWasExecuted
2023-10-30 03:40:10,986 [52] INFO  - @03:40:10 - job:空氣品質資訊更新 - done
2023-10-30 03:40:10,986 [52] INFO  - @03:40:10 - job:空氣品質資訊更新 - JobWasExecuted
2023-10-30 03:41:58,379 [3] INFO  - Redis -start
2023-10-30 03:41:58,382 [51] INFO  - Redis -end
2023-10-30 03:41:58,382 [51] INFO  - @03:41:58 - job:攝影機狀態更新 - done
2023-10-30 03:41:58,382 [51] INFO  - @03:41:58 - job:攝影機狀態更新 - JobWasExecuted
2023-10-30 03:45:00,000 [28] INFO  - @03:45:00 - job:攝影機狀態更新 - JobToBeExecuted
2023-10-30 03:45:00,000 [28] INFO  - @03:45:00 - job:攝影機狀態更新 - start
2023-10-30 03:46:53,161 [48] INFO  - Redis -start
2023-10-30 03:46:53,164 [28] INFO  - Redis -end
2023-10-30 03:46:53,164 [28] INFO  - @03:46:53 - job:攝影機狀態更新 - done
2023-10-30 03:46:53,164 [28] INFO  - @03:46:53 - job:攝影機狀態更新 - JobWasExecuted
2023-10-30 03:50:00,000 [28] INFO  - @03:50:00 - job:天氣資訊更新 - JobToBeExecuted
2023-10-30 03:50:00,000 [46] INFO  - @03:50:00 - job:攝影機狀態更新 - JobToBeExecuted
2023-10-30 03:50:00,005 [46] INFO  - @03:50:00 - job:攝影機狀態更新 - start
2023-10-30 03:50:00,005 [46] INFO  - @03:50:00 - job:空氣品質資訊更新 - JobToBeExecuted
2023-10-30 03:50:00,006 [46] INFO  - @03:50:00 - job:空氣品質資訊更新 - start
2023-10-30 03:50:05,262 [46] INFO  - @03:50:05 - job:天氣資訊更新 - done
2023-10-30 03:50:05,263 [46] INFO  - @03:50:05 - job:天氣資訊更新 - JobWasExecuted
2023-10-30 03:50:09,156 [28] INFO  - @03:50:09 - job:空氣品質資訊更新 - done
2023-10-30 03:50:09,156 [28] INFO  - @03:50:09 - job:空氣品質資訊更新 - JobWasExecuted
2023-10-30 03:51:49,649 [52] INFO  - Redis -start
2023-10-30 03:51:49,653 [28] INFO  - Redis -end
2023-10-30 03:51:49,653 [28] INFO  - @03:51:49 - job:攝影機狀態更新 - done
2023-10-30 03:51:49,653 [28] INFO  - @03:51:49 - job:攝影機狀態更新 - JobWasExecuted
2023-10-30 03:55:00,001 [46] INFO  - @03:55:00 - job:攝影機狀態更新 - JobToBeExecuted
2023-10-30 03:55:00,001 [46] INFO  - @03:55:00 - job:攝影機狀態更新 - start
2023-10-30 03:56:50,341 [52] INFO  - Redis -start
2023-10-30 03:56:50,344 [28] INFO  - Redis -end
2023-10-30 03:56:50,344 [28] INFO  - @03:56:50 - job:攝影機狀態更新 - done
2023-10-30 03:56:50,344 [28] INFO  - @03:56:50 - job:攝影機狀態更新 - JobWasExecuted
2023-10-30 04:00:00,000 [50] INFO  - @04:00:00 - job:天氣資訊更新 - JobToBeExecuted
2023-10-30 04:00:00,000 [50] INFO  - @04:00:00 - job:天氣資訊更新 - start
2023-10-30 04:00:00,000 [45] INFO  - @04:00:00 - job:攝影機狀態更新 - JobToBeExecuted
2023-10-30 04:00:00,015 [52] INFO  - @04:00:00 - job:空氣品質資訊更新 - JobToBeExecuted
2023-10-30 04:00:00,015 [52] INFO  - @04:00:00 - job:空氣品質資訊更新 - start
2023-10-30 04:00:07,432 [45] INFO  - @04:00:07 - job:天氣資訊更新 - done
2023-10-30 04:00:07,432 [45] INFO  - @04:00:07 - job:天氣資訊更新 - JobWasExecuted
2023-10-30 04:00:14,279 [45] INFO  - @04:00:14 - job:空氣品質資訊更新 - done
2023-10-30 04:00:14,279 [45] INFO  - @04:00:14 - job:空氣品質資訊更新 - JobWasExecuted
2023-10-30 04:01:00,000 [9] INFO  - @04:01:00 - job:Banpu 太陽能資料更新 - JobToBeExecuted
2023-10-30 04:01:00,109 [9] INFO  - @04:01:00 - job:Banpu 太陽能資料更新 - start
2023-10-30 04:01:00,334 [50] INFO  - @04:01:00 - job:Banpu 太陽能資料更新 - done
2023-10-30 04:01:00,335 [50] INFO  - @04:01:00 - job:Banpu 太陽能資料更新 - JobWasExecuted
2023-10-30 04:01:53,902 [51] INFO  - Redis -start
2023-10-30 04:01:53,904 [52] INFO  - Redis -end
2023-10-30 04:01:53,905 [52] INFO  - @04:01:53 - job:攝影機狀態更新 - done
2023-10-30 04:01:53,905 [52] INFO  - @04:01:53 - job:攝影機狀態更新 - JobWasExecuted
2023-10-30 04:05:00,000 [52] INFO  - @04:05:00 - job:攝影機狀態更新 - JobToBeExecuted
2023-10-30 04:05:00,000 [52] INFO  - @04:05:00 - job:攝影機狀態更新 - start
2023-10-30 04:06:54,314 [31] INFO  - Redis -start
2023-10-30 04:06:54,317 [31] INFO  - Redis -end
2023-10-30 04:06:54,317 [31] INFO  - @04:06:54 - job:攝影機狀態更新 - done
2023-10-30 04:06:54,317 [31] INFO  - @04:06:54 - job:攝影機狀態更新 - JobWasExecuted
2023-10-30 04:10:00,000 [28] INFO  - @04:10:00 - job:天氣資訊更新 - JobToBeExecuted
2023-10-30 04:10:00,000 [28] INFO  - @04:10:00 - job:天氣資訊更新 - start
2023-10-30 04:10:00,211 [28] INFO  - @04:10:00 - job:攝影機狀態更新 - JobToBeExecuted
2023-10-30 04:10:00,211 [28] INFO  - @04:10:00 - job:攝影機狀態更新 - start
2023-10-30 04:10:00,212 [28] INFO  - @04:10:00 - job:空氣品質資訊更新 - JobToBeExecuted
2023-10-30 04:10:00,212 [28] INFO  - @04:10:00 - job:空氣品質資訊更新 - start
2023-10-30 04:10:05,683 [48] INFO  - @04:10:05 - job:天氣資訊更新 - done
2023-10-30 04:10:05,684 [48] INFO  - @04:10:05 - job:天氣資訊更新 - JobWasExecuted
2023-10-30 04:10:10,248 [9] INFO  - @04:10:10 - job:空氣品質資訊更新 - done
2023-10-30 04:10:10,249 [9] INFO  - @04:10:10 - job:空氣品質資訊更新 - JobWasExecuted
2023-10-30 04:11:57,914 [31] INFO  - Redis -start
2023-10-30 04:11:57,917 [31] INFO  - Redis -end
2023-10-30 04:11:57,917 [31] INFO  - @04:11:57 - job:攝影機狀態更新 - done
2023-10-30 04:11:57,917 [31] INFO  - @04:11:57 - job:攝影機狀態更新 - JobWasExecuted
2023-10-30 04:15:00,000 [31] INFO  - @04:15:00 - job:攝影機狀態更新 - JobToBeExecuted
2023-10-30 04:15:00,000 [31] INFO  - @04:15:00 - job:攝影機狀態更新 - start
2023-10-30 04:16:51,432 [51] INFO  - Redis -start
2023-10-30 04:16:51,434 [51] INFO  - Redis -end
2023-10-30 04:16:51,434 [51] INFO  - @04:16:51 - job:攝影機狀態更新 - done
2023-10-30 04:16:51,434 [51] INFO  - @04:16:51 - job:攝影機狀態更新 - JobWasExecuted
2023-10-30 04:20:00,005 [47] INFO  - @04:20:00 - job:天氣資訊更新 - JobToBeExecuted
2023-10-30 04:20:00,006 [47] INFO  - @04:20:00 - job:天氣資訊更新 - start
2023-10-30 04:20:00,015 [51] INFO  - @04:20:00 - job:攝影機狀態更新 - JobToBeExecuted
2023-10-30 04:20:03,504 [31] INFO  - @04:20:03 - job:天氣資訊更新 - done
2023-10-30 04:20:03,505 [31] INFO  - @04:20:03 - job:天氣資訊更新 - JobWasExecuted
2023-10-30 04:20:10,184 [54] INFO  - @04:20:10 - job:空氣品質資訊更新 - done
2023-10-30 04:20:10,184 [54] INFO  - @04:20:10 - job:空氣品質資訊更新 - JobWasExecuted
2023-10-30 04:21:51,085 [47] INFO  - Redis -start
2023-10-30 04:21:51,087 [45] INFO  - Redis -end
2023-10-30 04:21:51,087 [45] INFO  - @04:21:51 - job:攝影機狀態更新 - done
2023-10-30 04:21:51,087 [45] INFO  - @04:21:51 - job:攝影機狀態更新 - JobWasExecuted
2023-10-30 04:25:00,000 [13] INFO  - @04:25:00 - job:攝影機狀態更新 - JobToBeExecuted
2023-10-30 04:25:00,000 [13] INFO  - @04:25:00 - job:攝影機狀態更新 - start
2023-10-30 04:26:54,663 [48] INFO  - Redis -start
2023-10-30 04:26:54,666 [13] INFO  - Redis -end
2023-10-30 04:26:54,666 [13] INFO  - @04:26:54 - job:攝影機狀態更新 - done
2023-10-30 04:26:54,666 [13] INFO  - @04:26:54 - job:攝影機狀態更新 - JobWasExecuted
2023-10-30 04:30:00,000 [28] INFO  - @04:30:00 - job:攝影機狀態更新 - JobToBeExecuted
2023-10-30 04:30:00,010 [28] INFO  - @04:30:00 - job:攝影機狀態更新 - start
2023-10-30 04:30:00,011 [54] INFO  - @04:30:00 - job:空氣品質資訊更新 - JobToBeExecuted
2023-10-30 04:30:00,011 [54] INFO  - @04:30:00 - job:空氣品質資訊更新 - start
2023-10-30 04:30:00,014 [45] INFO  - @04:30:00 - job:天氣資訊更新 - JobToBeExecuted
2023-10-30 04:30:00,014 [45] INFO  - @04:30:00 - job:天氣資訊更新 - start
2023-10-30 04:30:03,578 [45] INFO  - @04:30:03 - job:天氣資訊更新 - done
2023-10-30 04:30:03,578 [45] INFO  - @04:30:03 - job:天氣資訊更新 - JobWasExecuted
2023-10-30 04:30:13,006 [26] INFO  - @04:30:13 - job:空氣品質資訊更新 - done
2023-10-30 04:30:13,006 [26] INFO  - @04:30:13 - job:空氣品質資訊更新 - JobWasExecuted
2023-10-30 04:31:53,189 [31] INFO  - Redis -start
2023-10-30 04:31:53,192 [48] INFO  - Redis -end
2023-10-30 04:31:53,192 [48] INFO  - @04:31:53 - job:攝影機狀態更新 - done
2023-10-30 04:31:53,192 [48] INFO  - @04:31:53 - job:攝影機狀態更新 - JobWasExecuted
2023-10-30 04:35:00,001 [48] INFO  - @04:35:00 - job:攝影機狀態更新 - JobToBeExecuted
2023-10-30 04:35:00,001 [48] INFO  - @04:35:00 - job:攝影機狀態更新 - start
2023-10-30 04:36:55,720 [30] INFO  - Redis -start
2023-10-30 04:36:55,723 [46] INFO  - Redis -end
2023-10-30 04:36:55,723 [46] INFO  - @04:36:55 - job:攝影機狀態更新 - done
2023-10-30 04:36:55,723 [46] INFO  - @04:36:55 - job:攝影機狀態更新 - JobWasExecuted
2023-10-30 04:40:00,000 [46] INFO  - @04:40:00 - job:天氣資訊更新 - JobToBeExecuted
2023-10-30 04:40:00,000 [46] INFO  - @04:40:00 - job:天氣資訊更新 - start
2023-10-30 04:40:00,043 [30] INFO  - @04:40:00 - job:攝影機狀態更新 - JobToBeExecuted
2023-10-30 04:40:00,043 [30] INFO  - @04:40:00 - job:攝影機狀態更新 - start
2023-10-30 04:40:00,136 [46] INFO  - @04:40:00 - job:空氣品質資訊更新 - JobToBeExecuted
2023-10-30 04:40:00,136 [46] INFO  - @04:40:00 - job:空氣品質資訊更新 - start
2023-10-30 04:40:02,919 [29] INFO  - @04:40:02 - job:天氣資訊更新 - done
2023-10-30 04:40:02,920 [29] INFO  - @04:40:02 - job:天氣資訊更新 - JobWasExecuted
2023-10-30 04:40:11,239 [29] INFO  - @04:40:11 - job:空氣品質資訊更新 - done
2023-10-30 04:40:11,239 [29] INFO  - @04:40:11 - job:空氣品質資訊更新 - JobWasExecuted
2023-10-30 04:41:53,231 [13] INFO  - Redis -start
2023-10-30 04:41:53,233 [13] INFO  - Redis -end
2023-10-30 04:41:53,233 [13] INFO  - @04:41:53 - job:攝影機狀態更新 - done
2023-10-30 04:41:53,233 [13] INFO  - @04:41:53 - job:攝影機狀態更新 - JobWasExecuted
2023-10-30 04:45:00,002 [27] INFO  - @04:45:00 - job:攝影機狀態更新 - JobToBeExecuted
2023-10-30 04:45:00,002 [27] INFO  - @04:45:00 - job:攝影機狀態更新 - start
2023-10-30 04:46:56,820 [13] INFO  - Redis -start
2023-10-30 04:46:56,822 [13] INFO  - Redis -end
2023-10-30 04:46:56,822 [13] INFO  - @04:46:56 - job:攝影機狀態更新 - done
2023-10-30 04:46:56,822 [13] INFO  - @04:46:56 - job:攝影機狀態更新 - JobWasExecuted
2023-10-30 04:50:00,000 [27] INFO  - @04:50:00 - job:天氣資訊更新 - JobToBeExecuted
2023-10-30 04:50:00,000 [27] INFO  - @04:50:00 - job:天氣資訊更新 - start
2023-10-30 04:50:00,003 [26] INFO  - @04:50:00 - job:攝影機狀態更新 - JobToBeExecuted
2023-10-30 04:50:00,003 [26] INFO  - @04:50:00 - job:攝影機狀態更新 - start
2023-10-30 04:50:00,003 [26] INFO  - @04:50:00 - job:空氣品質資訊更新 - JobToBeExecuted
2023-10-30 04:50:00,003 [26] INFO  - @04:50:00 - job:空氣品質資訊更新 - start
2023-10-30 04:50:02,662 [29] INFO  - @04:50:02 - job:天氣資訊更新 - done
2023-10-30 04:50:02,662 [29] INFO  - @04:50:02 - job:天氣資訊更新 - JobWasExecuted
2023-10-30 04:50:10,816 [27] INFO  - @04:50:10 - job:空氣品質資訊更新 - done
2023-10-30 04:50:10,816 [27] INFO  - @04:50:10 - job:空氣品質資訊更新 - JobWasExecuted
2023-10-30 04:51:49,384 [13] INFO  - Redis -start
2023-10-30 04:51:49,386 [26] INFO  - Redis -end
2023-10-30 04:51:49,386 [26] INFO  - @04:51:49 - job:攝影機狀態更新 - done
2023-10-30 04:51:49,386 [26] INFO  - @04:51:49 - job:攝影機狀態更新 - JobWasExecuted
2023-10-30 04:55:00,000 [53] INFO  - @04:55:00 - job:攝影機狀態更新 - JobToBeExecuted
2023-10-30 04:55:00,000 [53] INFO  - @04:55:00 - job:攝影機狀態更新 - start
2023-10-30 04:56:51,925 [46] INFO  - Redis -start
2023-10-30 04:56:51,928 [53] INFO  - Redis -end
2023-10-30 04:56:51,928 [53] INFO  - @04:56:51 - job:攝影機狀態更新 - done
2023-10-30 04:56:51,928 [53] INFO  - @04:56:51 - job:攝影機狀態更新 - JobWasExecuted
2023-10-30 05:00:00,000 [30] INFO  - @05:00:00 - job:天氣資訊更新 - JobToBeExecuted
2023-10-30 05:00:00,000 [30] INFO  - @05:00:00 - job:天氣資訊更新 - start
2023-10-30 05:00:00,190 [30] INFO  - @05:00:00 - job:攝影機狀態更新 - JobToBeExecuted
2023-10-30 05:00:00,190 [30] INFO  - @05:00:00 - job:攝影機狀態更新 - start
2023-10-30 05:00:00,191 [30] INFO  - @05:00:00 - job:空氣品質資訊更新 - JobToBeExecuted
2023-10-30 05:00:00,191 [30] INFO  - @05:00:00 - job:空氣品質資訊更新 - start
2023-10-30 05:00:06,393 [27] INFO  - @05:00:06 - job:天氣資訊更新 - done
2023-10-30 05:00:06,393 [27] INFO  - @05:00:06 - job:天氣資訊更新 - JobWasExecuted
2023-10-30 05:00:13,996 [27] INFO  - @05:00:13 - job:空氣品質資訊更新 - done
2023-10-30 05:00:13,996 [27] INFO  - @05:00:13 - job:空氣品質資訊更新 - JobWasExecuted
2023-10-30 05:01:00,000 [13] INFO  - @05:01:00 - job:Banpu 太陽能資料更新 - JobToBeExecuted
2023-10-30 05:01:00,106 [13] INFO  - @05:01:00 - job:Banpu 太陽能資料更新 - start
2023-10-30 05:01:00,381 [53] INFO  - @05:01:00 - job:Banpu 太陽能資料更新 - done
2023-10-30 05:01:00,381 [53] INFO  - @05:01:00 - job:Banpu 太陽能資料更新 - JobWasExecuted
2023-10-30 05:01:58,525 [53] INFO  - Redis -start
2023-10-30 05:01:58,528 [48] INFO  - Redis -end
2023-10-30 05:01:58,528 [48] INFO  - @05:01:58 - job:攝影機狀態更新 - done
2023-10-30 05:01:58,528 [48] INFO  - @05:01:58 - job:攝影機狀態更新 - JobWasExecuted
2023-10-30 05:05:00,000 [46] INFO  - @05:05:00 - job:攝影機狀態更新 - JobToBeExecuted
2023-10-30 05:05:00,000 [46] INFO  - @05:05:00 - job:攝影機狀態更新 - start
2023-10-30 05:06:54,110 [46] INFO  - Redis -start
2023-10-30 05:06:54,112 [30] INFO  - Redis -end
2023-10-30 05:06:54,112 [30] INFO  - @05:06:54 - job:攝影機狀態更新 - done
2023-10-30 05:06:54,112 [30] INFO  - @05:06:54 - job:攝影機狀態更新 - JobWasExecuted
2023-10-30 05:10:00,013 [29] INFO  - @05:10:00 - job:天氣資訊更新 - JobToBeExecuted
2023-10-30 05:10:00,014 [29] INFO  - @05:10:00 - job:天氣資訊更新 - start
2023-10-30 05:10:04,120 [30] INFO  - @05:10:04 - job:天氣資訊更新 - done
2023-10-30 05:10:04,123 [30] INFO  - @05:10:04 - job:天氣資訊更新 - JobWasExecuted
2023-10-30 05:10:09,809 [30] INFO  - @05:10:09 - job:空氣品質資訊更新 - done
2023-10-30 05:10:09,809 [30] INFO  - @05:10:09 - job:空氣品質資訊更新 - JobWasExecuted
2023-10-30 05:11:53,582 [47] INFO  - Redis -start
2023-10-30 05:11:53,585 [47] INFO  - Redis -end
2023-10-30 05:11:53,585 [47] INFO  - @05:11:53 - job:攝影機狀態更新 - done
2023-10-30 05:11:53,585 [47] INFO  - @05:11:53 - job:攝影機狀態更新 - JobWasExecuted
2023-10-30 05:15:00,000 [30] INFO  - @05:15:00 - job:攝影機狀態更新 - JobToBeExecuted
2023-10-30 05:15:00,000 [30] INFO  - @05:15:00 - job:攝影機狀態更新 - start
2023-10-30 05:16:51,239 [49] INFO  - Redis -start
2023-10-30 05:16:51,241 [50] INFO  - Redis -end
2023-10-30 05:16:51,242 [50] INFO  - @05:16:51 - job:攝影機狀態更新 - done
2023-10-30 05:16:51,242 [50] INFO  - @05:16:51 - job:攝影機狀態更新 - JobWasExecuted
2023-10-30 05:20:00,005 [49] INFO  - @05:20:00 - job:攝影機狀態更新 - JobToBeExecuted
2023-10-30 05:20:00,005 [49] INFO  - @05:20:00 - job:攝影機狀態更新 - start
2023-10-30 05:20:00,005 [49] INFO  - @05:20:00 - job:空氣品質資訊更新 - JobToBeExecuted
2023-10-30 05:20:00,005 [49] INFO  - @05:20:00 - job:空氣品質資訊更新 - start
2023-10-30 05:20:00,010 [25] INFO  - @05:20:00 - job:天氣資訊更新 - JobToBeExecuted
2023-10-30 05:20:00,013 [25] INFO  - @05:20:00 - job:天氣資訊更新 - start
2023-10-30 05:20:03,390 [49] INFO  - @05:20:03 - job:天氣資訊更新 - done
2023-10-30 05:20:03,390 [49] INFO  - @05:20:03 - job:天氣資訊更新 - JobWasExecuted
2023-10-30 05:20:10,365 [51] INFO  - @05:20:10 - job:空氣品質資訊更新 - done
2023-10-30 05:20:10,365 [51] INFO  - @05:20:10 - job:空氣品質資訊更新 - JobWasExecuted
2023-10-30 05:21:53,876 [47] INFO  - Redis -start
2023-10-30 05:21:53,879 [46] INFO  - Redis -end
2023-10-30 05:21:53,879 [46] INFO  - @05:21:53 - job:攝影機狀態更新 - done
2023-10-30 05:21:53,879 [46] INFO  - @05:21:53 - job:攝影機狀態更新 - JobWasExecuted
2023-10-30 05:25:00,002 [30] INFO  - @05:25:00 - job:攝影機狀態更新 - JobToBeExecuted
2023-10-30 05:25:00,002 [30] INFO  - @05:25:00 - job:攝影機狀態更新 - start
2023-10-30 05:26:54,357 [31] INFO  - Redis -start
2023-10-30 05:26:54,360 [47] INFO  - Redis -end
2023-10-30 05:26:54,360 [47] INFO  - @05:26:54 - job:攝影機狀態更新 - done
2023-10-30 05:26:54,360 [47] INFO  - @05:26:54 - job:攝影機狀態更新 - JobWasExecuted
2023-10-30 05:30:00,000 [46] INFO  - @05:30:00 - job:天氣資訊更新 - JobToBeExecuted
2023-10-30 05:30:00,001 [46] INFO  - @05:30:00 - job:天氣資訊更新 - start
2023-10-30 05:30:00,001 [47] INFO  - @05:30:00 - job:攝影機狀態更新 - JobToBeExecuted
2023-10-30 05:30:02,945 [47] INFO  - @05:30:02 - job:天氣資訊更新 - done
2023-10-30 05:30:02,945 [47] INFO  - @05:30:02 - job:天氣資訊更新 - JobWasExecuted
2023-10-30 05:30:10,122 [50] INFO  - @05:30:10 - job:空氣品質資訊更新 - done
2023-10-30 05:30:10,122 [50] INFO  - @05:30:10 - job:空氣品質資訊更新 - JobWasExecuted
2023-10-30 05:31:57,955 [29] INFO  - Redis -start
2023-10-30 05:31:57,958 [29] INFO  - Redis -end
2023-10-30 05:31:57,958 [29] INFO  - @05:31:57 - job:攝影機狀態更新 - done
2023-10-30 05:31:57,958 [29] INFO  - @05:31:57 - job:攝影機狀態更新 - JobWasExecuted
2023-10-30 05:35:00,000 [28] INFO  - @05:35:00 - job:攝影機狀態更新 - JobToBeExecuted
2023-10-30 05:35:00,000 [28] INFO  - @05:35:00 - job:攝影機狀態更新 - start
2023-10-30 05:36:53,566 [52] INFO  - Redis -start
2023-10-30 05:36:53,568 [47] INFO  - Redis -end
2023-10-30 05:36:53,568 [47] INFO  - @05:36:53 - job:攝影機狀態更新 - done
2023-10-30 05:36:53,569 [47] INFO  - @05:36:53 - job:攝影機狀態更新 - JobWasExecuted
2023-10-30 05:40:00,002 [29] INFO  - @05:40:00 - job:天氣資訊更新 - JobToBeExecuted
2023-10-30 05:40:00,002 [29] INFO  - @05:40:00 - job:天氣資訊更新 - start
2023-10-30 05:40:00,022 [13] INFO  - @05:40:00 - job:空氣品質資訊更新 - JobToBeExecuted
2023-10-30 05:40:04,409 [29] INFO  - @05:40:04 - job:天氣資訊更新 - done
2023-10-30 05:40:04,409 [29] INFO  - @05:40:04 - job:天氣資訊更新 - JobWasExecuted
2023-10-30 05:40:11,299 [47] INFO  - @05:40:11 - job:空氣品質資訊更新 - done
2023-10-30 05:40:11,299 [47] INFO  - @05:40:11 - job:空氣品質資訊更新 - JobWasExecuted
2023-10-30 05:41:56,019 [45] INFO  - Redis -start
2023-10-30 05:41:56,022 [48] INFO  - Redis -end
2023-10-30 05:41:56,022 [48] INFO  - @05:41:56 - job:攝影機狀態更新 - done
2023-10-30 05:41:56,022 [48] INFO  - @05:41:56 - job:攝影機狀態更新 - JobWasExecuted
2023-10-30 05:45:00,004 [13] INFO  - @05:45:00 - job:攝影機狀態更新 - JobToBeExecuted
2023-10-30 05:45:00,007 [13] INFO  - @05:45:00 - job:攝影機狀態更新 - start
2023-10-30 05:47:00,697 [13] INFO  - Redis -start
2023-10-30 05:47:00,700 [3] INFO  - Redis -end
2023-10-30 05:47:00,700 [3] INFO  - @05:47:00 - job:攝影機狀態更新 - done
2023-10-30 05:47:00,700 [3] INFO  - @05:47:00 - job:攝影機狀態更新 - JobWasExecuted
2023-10-30 05:50:00,000 [45] INFO  - @05:50:00 - job:攝影機狀態更新 - JobToBeExecuted
2023-10-30 05:50:00,000 [45] INFO  - @05:50:00 - job:攝影機狀態更新 - start
2023-10-30 05:50:00,000 [45] INFO  - @05:50:00 - job:空氣品質資訊更新 - JobToBeExecuted
2023-10-30 05:50:00,000 [45] INFO  - @05:50:00 - job:空氣品質資訊更新 - start
2023-10-30 05:50:00,003 [14] INFO  - @05:50:00 - job:天氣資訊更新 - JobToBeExecuted
2023-10-30 05:50:00,004 [14] INFO  - @05:50:00 - job:天氣資訊更新 - start
2023-10-30 05:50:02,908 [13] INFO  - @05:50:02 - job:天氣資訊更新 - done
2023-10-30 05:50:02,908 [13] INFO  - @05:50:02 - job:天氣資訊更新 - JobWasExecuted
2023-10-30 05:50:10,738 [45] INFO  - @05:50:10 - job:空氣品質資訊更新 - done
2023-10-30 05:50:10,739 [45] INFO  - @05:50:10 - job:空氣品質資訊更新 - JobWasExecuted
2023-10-30 05:51:51,192 [45] INFO  - Redis -start
2023-10-30 05:51:51,194 [52] INFO  - Redis -end
2023-10-30 05:51:51,194 [52] INFO  - @05:51:51 - job:攝影機狀態更新 - done
2023-10-30 05:51:51,195 [52] INFO  - @05:51:51 - job:攝影機狀態更新 - JobWasExecuted
2023-10-30 05:55:00,000 [3] INFO  - @05:55:00 - job:攝影機狀態更新 - JobToBeExecuted
2023-10-30 05:55:00,000 [3] INFO  - @05:55:00 - job:攝影機狀態更新 - start
2023-10-30 05:56:48,744 [3] INFO  - Redis -start
2023-10-30 05:56:48,747 [28] INFO  - Redis -end
2023-10-30 05:56:48,747 [28] INFO  - @05:56:48 - job:攝影機狀態更新 - done
2023-10-30 05:56:48,747 [28] INFO  - @05:56:48 - job:攝影機狀態更新 - JobWasExecuted
2023-10-30 06:00:00,000 [52] INFO  - @06:00:00 - job:天氣資訊更新 - JobToBeExecuted
2023-10-30 06:00:00,000 [52] INFO  - @06:00:00 - job:天氣資訊更新 - start
2023-10-30 06:00:07,007 [30] INFO  - @06:00:07 - job:天氣資訊更新 - done
2023-10-30 06:00:07,007 [30] INFO  - @06:00:07 - job:天氣資訊更新 - JobWasExecuted
2023-10-30 06:00:14,767 [30] INFO  - @06:00:14 - job:空氣品質資訊更新 - done
2023-10-30 06:00:14,767 [30] INFO  - @06:00:14 - job:空氣品質資訊更新 - JobWasExecuted
2023-10-30 06:01:00,002 [52] INFO  - @06:01:00 - job:Banpu 太陽能資料更新 - JobToBeExecuted
2023-10-30 06:01:00,110 [52] INFO  - @06:01:00 - job:Banpu 太陽能資料更新 - start
2023-10-30 06:01:00,363 [52] INFO  - @06:01:00 - job:Banpu 太陽能資料更新 - done
2023-10-30 06:01:00,363 [52] INFO  - @06:01:00 - job:Banpu 太陽能資料更新 - JobWasExecuted
2023-10-30 06:01:56,336 [30] INFO  - Redis -start
2023-10-30 06:01:56,339 [3] INFO  - Redis -end
2023-10-30 06:01:56,339 [3] INFO  - @06:01:56 - job:攝影機狀態更新 - done
2023-10-30 06:01:56,339 [3] INFO  - @06:01:56 - job:攝影機狀態更新 - JobWasExecuted
2023-10-30 06:05:00,000 [30] INFO  - @06:05:00 - job:攝影機狀態更新 - JobToBeExecuted
2023-10-30 06:05:00,000 [30] INFO  - @06:05:00 - job:攝影機狀態更新 - start
2023-10-30 06:06:58,902 [30] INFO  - Redis -start
2023-10-30 06:06:58,905 [9] INFO  - Redis -end
2023-10-30 06:06:58,905 [9] INFO  - @06:06:58 - job:攝影機狀態更新 - done
2023-10-30 06:06:58,905 [9] INFO  - @06:06:58 - job:攝影機狀態更新 - JobWasExecuted
2023-10-30 06:10:00,000 [9] INFO  - @06:10:00 - job:天氣資訊更新 - JobToBeExecuted
2023-10-30 06:10:00,000 [9] INFO  - @06:10:00 - job:天氣資訊更新 - start
2023-10-30 06:10:00,005 [14] INFO  - @06:10:00 - job:攝影機狀態更新 - JobToBeExecuted
2023-10-30 06:10:00,005 [14] INFO  - @06:10:00 - job:攝影機狀態更新 - start
2023-10-30 06:10:00,005 [14] INFO  - @06:10:00 - job:空氣品質資訊更新 - JobToBeExecuted
2023-10-30 06:10:00,005 [14] INFO  - @06:10:00 - job:空氣品質資訊更新 - start
2023-10-30 06:10:02,549 [30] INFO  - @06:10:02 - job:天氣資訊更新 - done
2023-10-30 06:10:02,549 [30] INFO  - @06:10:02 - job:天氣資訊更新 - JobWasExecuted
2023-10-30 06:10:10,263 [9] INFO  - @06:10:10 - job:空氣品質資訊更新 - done
2023-10-30 06:10:10,263 [9] INFO  - @06:10:10 - job:空氣品質資訊更新 - JobWasExecuted
2023-10-30 06:11:55,390 [28] INFO  - Redis -start
2023-10-30 06:11:55,393 [14] INFO  - Redis -end
2023-10-30 06:11:55,393 [14] INFO  - @06:11:55 - job:攝影機狀態更新 - done
2023-10-30 06:11:55,393 [14] INFO  - @06:11:55 - job:攝影機狀態更新 - JobWasExecuted
2023-10-30 06:15:00,000 [45] INFO  - @06:15:00 - job:攝影機狀態更新 - JobToBeExecuted
2023-10-30 06:15:00,000 [45] INFO  - @06:15:00 - job:攝影機狀態更新 - start
2023-10-30 06:16:58,839 [13] INFO  - Redis -start
2023-10-30 06:16:58,842 [13] INFO  - Redis -end
2023-10-30 06:16:58,842 [13] INFO  - @06:16:58 - job:攝影機狀態更新 - done
2023-10-30 06:16:58,842 [13] INFO  - @06:16:58 - job:攝影機狀態更新 - JobWasExecuted
2023-10-30 06:20:00,000 [29] INFO  - @06:20:00 - job:天氣資訊更新 - JobToBeExecuted
2023-10-30 06:20:00,000 [29] INFO  - @06:20:00 - job:天氣資訊更新 - start
2023-10-30 06:20:00,011 [28] INFO  - @06:20:00 - job:攝影機狀態更新 - JobToBeExecuted
2023-10-30 06:20:00,011 [28] INFO  - @06:20:00 - job:攝影機狀態更新 - start
2023-10-30 06:20:00,011 [28] INFO  - @06:20:00 - job:空氣品質資訊更新 - JobToBeExecuted
2023-10-30 06:20:00,011 [28] INFO  - @06:20:00 - job:空氣品質資訊更新 - start
2023-10-30 06:20:02,564 [45] INFO  - @06:20:02 - job:天氣資訊更新 - done
2023-10-30 06:20:02,565 [45] INFO  - @06:20:02 - job:天氣資訊更新 - JobWasExecuted
2023-10-30 06:20:09,121 [9] INFO  - @06:20:09 - job:空氣品質資訊更新 - done
2023-10-30 06:20:09,123 [9] INFO  - @06:20:09 - job:空氣品質資訊更新 - JobWasExecuted
2023-10-30 06:21:53,936 [29] INFO  - Redis -start
2023-10-30 06:21:53,938 [29] INFO  - Redis -end
2023-10-30 06:21:53,939 [29] INFO  - @06:21:53 - job:攝影機狀態更新 - done
2023-10-30 06:21:53,939 [29] INFO  - @06:21:53 - job:攝影機狀態更新 - JobWasExecuted
2023-10-30 06:25:00,000 [30] INFO  - @06:25:00 - job:攝影機狀態更新 - JobToBeExecuted
2023-10-30 06:25:00,000 [30] INFO  - @06:25:00 - job:攝影機狀態更新 - start
2023-10-30 06:26:55,088 [9] INFO  - Redis -start
2023-10-30 06:26:55,091 [29] INFO  - Redis -end
2023-10-30 06:26:55,091 [29] INFO  - @06:26:55 - job:攝影機狀態更新 - done
2023-10-30 06:26:55,091 [29] INFO  - @06:26:55 - job:攝影機狀態更新 - JobWasExecuted
2023-10-30 06:30:00,000 [45] INFO  - @06:30:00 - job:攝影機狀態更新 - JobToBeExecuted
2023-10-30 06:30:00,001 [45] INFO  - @06:30:00 - job:攝影機狀態更新 - start
2023-10-30 06:30:00,001 [45] INFO  - @06:30:00 - job:空氣品質資訊更新 - JobToBeExecuted
2023-10-30 06:30:00,001 [45] INFO  - @06:30:00 - job:空氣品質資訊更新 - start
2023-10-30 06:30:00,002 [29] INFO  - @06:30:00 - job:天氣資訊更新 - JobToBeExecuted
2023-10-30 06:30:00,002 [29] INFO  - @06:30:00 - job:天氣資訊更新 - start
2023-10-30 06:30:02,609 [3] INFO  - @06:30:02 - job:天氣資訊更新 - done
2023-10-30 06:30:02,609 [3] INFO  - @06:30:02 - job:天氣資訊更新 - JobWasExecuted
2023-10-30 06:30:12,615 [25] INFO  - @06:30:12 - job:空氣品質資訊更新 - done
2023-10-30 06:30:12,615 [25] INFO  - @06:30:12 - job:空氣品質資訊更新 - JobWasExecuted
2023-10-30 06:32:04,718 [50] INFO  - Redis -start
2023-10-30 06:32:04,720 [32] INFO  - Redis -end
2023-10-30 06:32:04,721 [32] INFO  - @06:32:04 - job:攝影機狀態更新 - done
2023-10-30 06:32:04,721 [32] INFO  - @06:32:04 - job:攝影機狀態更新 - JobWasExecuted
2023-10-30 06:35:00,000 [14] INFO  - @06:35:00 - job:攝影機狀態更新 - JobToBeExecuted
2023-10-30 06:35:00,000 [14] INFO  - @06:35:00 - job:攝影機狀態更新 - start
2023-10-30 06:36:50,176 [14] INFO  - Redis -start
2023-10-30 06:36:50,179 [47] INFO  - Redis -end
2023-10-30 06:36:50,179 [47] INFO  - @06:36:50 - job:攝影機狀態更新 - done
2023-10-30 06:36:50,179 [47] INFO  - @06:36:50 - job:攝影機狀態更新 - JobWasExecuted
2023-10-30 06:40:00,000 [14] INFO  - @06:40:00 - job:天氣資訊更新 - JobToBeExecuted
2023-10-30 06:40:00,000 [14] INFO  - @06:40:00 - job:天氣資訊更新 - start
2023-10-30 06:40:00,053 [52] INFO  - @06:40:00 - job:攝影機狀態更新 - JobToBeExecuted
2023-10-30 06:40:00,053 [52] INFO  - @06:40:00 - job:攝影機狀態更新 - start
2023-10-30 06:40:00,058 [52] INFO  - @06:40:00 - job:空氣品質資訊更新 - JobToBeExecuted
2023-10-30 06:40:00,058 [52] INFO  - @06:40:00 - job:空氣品質資訊更新 - start
2023-10-30 06:40:02,201 [9] INFO  - @06:40:02 - job:天氣資訊更新 - done
2023-10-30 06:40:02,202 [9] INFO  - @06:40:02 - job:天氣資訊更新 - JobWasExecuted
2023-10-30 06:40:09,906 [9] INFO  - @06:40:09 - job:空氣品質資訊更新 - done
2023-10-30 06:40:09,906 [9] INFO  - @06:40:09 - job:空氣品質資訊更新 - JobWasExecuted
2023-10-30 06:41:49,605 [47] INFO  - Redis -start
2023-10-30 06:41:49,608 [47] INFO  - Redis -end
2023-10-30 06:41:49,608 [47] INFO  - @06:41:49 - job:攝影機狀態更新 - done
2023-10-30 06:41:49,608 [47] INFO  - @06:41:49 - job:攝影機狀態更新 - JobWasExecuted
2023-10-30 06:45:00,007 [25] INFO  - @06:45:00 - job:攝影機狀態更新 - JobToBeExecuted
2023-10-30 06:45:00,007 [25] INFO  - @06:45:00 - job:攝影機狀態更新 - start
2023-10-30 06:46:55,141 [32] INFO  - Redis -start
2023-10-30 06:46:55,144 [50] INFO  - Redis -end
2023-10-30 06:46:55,144 [50] INFO  - @06:46:55 - job:攝影機狀態更新 - done
2023-10-30 06:46:55,144 [50] INFO  - @06:46:55 - job:攝影機狀態更新 - JobWasExecuted
2023-10-30 06:50:00,000 [50] INFO  - @06:50:00 - job:天氣資訊更新 - JobToBeExecuted
2023-10-30 06:50:00,000 [50] INFO  - @06:50:00 - job:天氣資訊更新 - start
2023-10-30 06:50:00,002 [45] INFO  - @06:50:00 - job:攝影機狀態更新 - JobToBeExecuted
2023-10-30 06:50:02,909 [50] INFO  - @06:50:02 - job:天氣資訊更新 - done
2023-10-30 06:50:02,909 [50] INFO  - @06:50:02 - job:天氣資訊更新 - JobWasExecuted
2023-10-30 06:50:09,703 [45] INFO  - @06:50:09 - job:空氣品質資訊更新 - done
2023-10-30 06:50:09,703 [45] INFO  - @06:50:09 - job:空氣品質資訊更新 - JobWasExecuted
2023-10-30 06:51:52,667 [45] INFO  - Redis -start
2023-10-30 06:51:52,669 [45] INFO  - Redis -end
2023-10-30 06:51:52,669 [45] INFO  - @06:51:52 - job:攝影機狀態更新 - done
2023-10-30 06:51:52,669 [45] INFO  - @06:51:52 - job:攝影機狀態更新 - JobWasExecuted
2023-10-30 06:55:00,000 [47] INFO  - @06:55:00 - job:攝影機狀態更新 - JobToBeExecuted
2023-10-30 06:55:00,000 [47] INFO  - @06:55:00 - job:攝影機狀態更新 - start
2023-10-30 06:56:49,283 [45] INFO  - Redis -start
2023-10-30 06:56:49,285 [32] INFO  - Redis -end
2023-10-30 06:56:49,286 [32] INFO  - @06:56:49 - job:攝影機狀態更新 - done
2023-10-30 06:56:49,286 [32] INFO  - @06:56:49 - job:攝影機狀態更新 - JobWasExecuted
2023-10-30 07:00:00,000 [32] INFO  - @07:00:00 - job:天氣資訊更新 - JobToBeExecuted
2023-10-30 07:00:00,000 [32] INFO  - @07:00:00 - job:天氣資訊更新 - start
2023-10-30 07:00:00,014 [47] INFO  - @07:00:00 - job:攝影機狀態更新 - JobToBeExecuted
2023-10-30 07:00:00,014 [47] INFO  - @07:00:00 - job:攝影機狀態更新 - start
2023-10-30 07:00:00,017 [50] INFO  - @07:00:00 - job:空氣品質資訊更新 - JobToBeExecuted
2023-10-30 07:00:00,017 [50] INFO  - @07:00:00 - job:空氣品質資訊更新 - start
2023-10-30 07:00:07,304 [32] INFO  - @07:00:07 - job:天氣資訊更新 - done
2023-10-30 07:00:07,304 [32] INFO  - @07:00:07 - job:天氣資訊更新 - JobWasExecuted
2023-10-30 07:00:13,822 [49] INFO  - @07:00:13 - job:空氣品質資訊更新 - done
2023-10-30 07:00:13,822 [49] INFO  - @07:00:13 - job:空氣品質資訊更新 - JobWasExecuted
2023-10-30 07:01:00,000 [32] INFO  - @07:01:00 - job:Banpu 太陽能資料更新 - JobToBeExecuted
2023-10-30 07:01:00,117 [32] INFO  - @07:01:00 - job:Banpu 太陽能資料更新 - start
2023-10-30 07:01:00,363 [50] INFO  - @07:01:00 - job:Banpu 太陽能資料更新 - done
2023-10-30 07:01:00,363 [50] INFO  - @07:01:00 - job:Banpu 太陽能資料更新 - JobWasExecuted
2023-10-30 07:01:56,747 [50] INFO  - Redis -start
2023-10-30 07:01:56,750 [14] INFO  - Redis -end
2023-10-30 07:01:56,750 [14] INFO  - @07:01:56 - job:攝影機狀態更新 - done
2023-10-30 07:01:56,750 [14] INFO  - @07:01:56 - job:攝影機狀態更新 - JobWasExecuted
2023-10-30 07:05:00,000 [32] INFO  - @07:05:00 - job:攝影機狀態更新 - JobToBeExecuted
2023-10-30 07:05:00,000 [32] INFO  - @07:05:00 - job:攝影機狀態更新 - start
2023-10-30 07:06:50,937 [25] INFO  - Redis -start
2023-10-30 07:06:50,940 [25] INFO  - Redis -end
2023-10-30 07:06:50,940 [25] INFO  - @07:06:50 - job:攝影機狀態更新 - done
2023-10-30 07:06:50,940 [25] INFO  - @07:06:50 - job:攝影機狀態更新 - JobWasExecuted
2023-10-30 07:10:00,000 [32] INFO  - @07:10:00 - job:攝影機狀態更新 - JobToBeExecuted
2023-10-30 07:10:00,000 [25] INFO  - @07:10:00 - job:空氣品質資訊更新 - JobToBeExecuted
2023-10-30 07:10:00,001 [25] INFO  - @07:10:00 - job:空氣品質資訊更新 - start
2023-10-30 07:10:00,001 [48] INFO  - @07:10:00 - job:天氣資訊更新 - JobToBeExecuted
2023-10-30 07:10:02,439 [25] INFO  - @07:10:02 - job:天氣資訊更新 - done
2023-10-30 07:10:02,439 [25] INFO  - @07:10:02 - job:天氣資訊更新 - JobWasExecuted
2023-10-30 07:10:11,673 [29] INFO  - @07:10:11 - job:空氣品質資訊更新 - done
2023-10-30 07:10:11,674 [29] INFO  - @07:10:11 - job:空氣品質資訊更新 - JobWasExecuted
2023-10-30 07:11:57,938 [32] INFO  - Redis -start
2023-10-30 07:11:57,941 [45] INFO  - Redis -end
2023-10-30 07:11:57,942 [45] INFO  - @07:11:57 - job:攝影機狀態更新 - done
2023-10-30 07:11:57,942 [45] INFO  - @07:11:57 - job:攝影機狀態更新 - JobWasExecuted
2023-10-30 07:15:00,000 [32] INFO  - @07:15:00 - job:攝影機狀態更新 - JobToBeExecuted
2023-10-30 07:15:00,000 [32] INFO  - @07:15:00 - job:攝影機狀態更新 - start
2023-10-30 07:16:58,472 [32] INFO  - Redis -start
2023-10-30 07:16:58,475 [52] INFO  - Redis -end
2023-10-30 07:16:58,475 [52] INFO  - @07:16:58 - job:攝影機狀態更新 - done
2023-10-30 07:16:58,476 [52] INFO  - @07:16:58 - job:攝影機狀態更新 - JobWasExecuted
2023-10-30 07:20:00,001 [32] INFO  - @07:20:00 - job:天氣資訊更新 - JobToBeExecuted
2023-10-30 07:20:00,001 [32] INFO  - @07:20:00 - job:天氣資訊更新 - start
2023-10-30 07:20:00,004 [48] INFO  - @07:20:00 - job:攝影機狀態更新 - JobToBeExecuted
2023-10-30 07:20:00,004 [48] INFO  - @07:20:00 - job:攝影機狀態更新 - start
2023-10-30 07:20:00,006 [48] INFO  - @07:20:00 - job:空氣品質資訊更新 - JobToBeExecuted
2023-10-30 07:20:00,007 [48] INFO  - @07:20:00 - job:空氣品質資訊更新 - start
2023-10-30 07:20:02,820 [48] INFO  - @07:20:02 - job:天氣資訊更新 - done
2023-10-30 07:20:02,820 [48] INFO  - @07:20:02 - job:天氣資訊更新 - JobWasExecuted
2023-10-30 07:20:10,173 [32] INFO  - @07:20:10 - job:空氣品質資訊更新 - done
2023-10-30 07:20:10,173 [32] INFO  - @07:20:10 - job:空氣品質資訊更新 - JobWasExecuted
2023-10-30 07:21:55,896 [14] INFO  - Redis -start
2023-10-30 07:21:55,899 [52] INFO  - Redis -end
2023-10-30 07:21:55,899 [52] INFO  - @07:21:55 - job:攝影機狀態更新 - done
2023-10-30 07:21:55,899 [52] INFO  - @07:21:55 - job:攝影機狀態更新 - JobWasExecuted
2023-10-30 07:25:00,000 [30] INFO  - @07:25:00 - job:攝影機狀態更新 - JobToBeExecuted
2023-10-30 07:25:00,000 [30] INFO  - @07:25:00 - job:攝影機狀態更新 - start
2023-10-30 07:26:47,433 [45] INFO  - Redis -start
2023-10-30 07:26:47,438 [25] INFO  - Redis -end
2023-10-30 07:26:47,438 [25] INFO  - @07:26:47 - job:攝影機狀態更新 - done
2023-10-30 07:26:47,438 [25] INFO  - @07:26:47 - job:攝影機狀態更新 - JobWasExecuted
2023-10-30 07:30:00,002 [9] INFO  - @07:30:00 - job:天氣資訊更新 - JobToBeExecuted
2023-10-30 07:30:00,002 [9] INFO  - @07:30:00 - job:天氣資訊更新 - start
2023-10-30 07:30:00,002 [48] INFO  - @07:30:00 - job:空氣品質資訊更新 - JobToBeExecuted
2023-10-30 07:30:00,002 [45] INFO  - @07:30:00 - job:攝影機狀態更新 - JobToBeExecuted
2023-10-30 07:30:03,809 [9] INFO  - @07:30:03 - job:天氣資訊更新 - done
2023-10-30 07:30:03,809 [9] INFO  - @07:30:03 - job:天氣資訊更新 - JobWasExecuted
2023-10-30 07:30:10,674 [45] INFO  - @07:30:10 - job:空氣品質資訊更新 - done
2023-10-30 07:30:10,675 [45] INFO  - @07:30:10 - job:空氣品質資訊更新 - JobWasExecuted
2023-10-30 07:31:59,837 [45] INFO  - Redis -start
2023-10-30 07:31:59,839 [45] INFO  - Redis -end
2023-10-30 07:31:59,840 [45] INFO  - @07:31:59 - job:攝影機狀態更新 - done
2023-10-30 07:31:59,840 [45] INFO  - @07:31:59 - job:攝影機狀態更新 - JobWasExecuted
2023-10-30 07:35:00,000 [49] INFO  - @07:35:00 - job:攝影機狀態更新 - JobToBeExecuted
2023-10-30 07:35:00,000 [49] INFO  - @07:35:00 - job:攝影機狀態更新 - start
2023-10-30 07:36:56,283 [9] INFO  - Redis -start
2023-10-30 07:36:56,285 [9] INFO  - Redis -end
2023-10-30 07:36:56,286 [9] INFO  - @07:36:56 - job:攝影機狀態更新 - done
2023-10-30 07:36:56,286 [9] INFO  - @07:36:56 - job:攝影機狀態更新 - JobWasExecuted
2023-10-30 07:40:00,004 [9] INFO  - @07:40:00 - job:天氣資訊更新 - JobToBeExecuted
2023-10-30 07:40:00,006 [45] INFO  - @07:40:00 - job:空氣品質資訊更新 - JobToBeExecuted
2023-10-30 07:40:00,006 [45] INFO  - @07:40:00 - job:空氣品質資訊更新 - start
2023-10-30 07:40:00,006 [9] INFO  - @07:40:00 - job:天氣資訊更新 - start
2023-10-30 07:40:00,006 [30] INFO  - @07:40:00 - job:攝影機狀態更新 - JobToBeExecuted
2023-10-30 07:40:02,508 [14] INFO  - @07:40:02 - job:天氣資訊更新 - done
2023-10-30 07:40:02,508 [14] INFO  - @07:40:02 - job:天氣資訊更新 - JobWasExecuted
2023-10-30 07:40:10,944 [9] INFO  - @07:40:10 - job:空氣品質資訊更新 - done
2023-10-30 07:40:10,944 [9] INFO  - @07:40:10 - job:空氣品質資訊更新 - JobWasExecuted
2023-10-30 07:41:53,790 [3] INFO  - Redis -start
2023-10-30 07:41:53,793 [47] INFO  - Redis -end
2023-10-30 07:41:53,793 [47] INFO  - @07:41:53 - job:攝影機狀態更新 - done
2023-10-30 07:41:53,793 [47] INFO  - @07:41:53 - job:攝影機狀態更新 - JobWasExecuted
2023-10-30 07:45:00,001 [49] INFO  - @07:45:00 - job:攝影機狀態更新 - JobToBeExecuted
2023-10-30 07:45:00,001 [49] INFO  - @07:45:00 - job:攝影機狀態更新 - start
2023-10-30 07:46:55,448 [50] INFO  - Redis -start
2023-10-30 07:46:55,451 [50] INFO  - Redis -end
2023-10-30 07:46:55,451 [50] INFO  - @07:46:55 - job:攝影機狀態更新 - done
2023-10-30 07:46:55,451 [50] INFO  - @07:46:55 - job:攝影機狀態更新 - JobWasExecuted
2023-10-30 07:50:00,001 [48] INFO  - @07:50:00 - job:攝影機狀態更新 - JobToBeExecuted
2023-10-30 07:50:00,001 [48] INFO  - @07:50:00 - job:攝影機狀態更新 - start
2023-10-30 07:50:00,002 [48] INFO  - @07:50:00 - job:空氣品質資訊更新 - JobToBeExecuted
2023-10-30 07:50:00,002 [48] INFO  - @07:50:00 - job:空氣品質資訊更新 - start
2023-10-30 07:50:00,005 [50] INFO  - @07:50:00 - job:天氣資訊更新 - JobToBeExecuted
2023-10-30 07:50:00,005 [50] INFO  - @07:50:00 - job:天氣資訊更新 - start
2023-10-30 07:50:02,322 [50] INFO  - @07:50:02 - job:天氣資訊更新 - done
2023-10-30 07:50:02,323 [50] INFO  - @07:50:02 - job:天氣資訊更新 - JobWasExecuted
2023-10-30 07:50:10,214 [31] INFO  - @07:50:10 - job:空氣品質資訊更新 - done
2023-10-30 07:50:10,215 [31] INFO  - @07:50:10 - job:空氣品質資訊更新 - JobWasExecuted
2023-10-30 07:51:50,999 [48] INFO  - Redis -start
2023-10-30 07:51:51,002 [48] INFO  - Redis -end
2023-10-30 07:51:51,002 [48] INFO  - @07:51:51 - job:攝影機狀態更新 - done
2023-10-30 07:51:51,002 [48] INFO  - @07:51:51 - job:攝影機狀態更新 - JobWasExecuted
2023-10-30 07:55:00,004 [48] INFO  - @07:55:00 - job:攝影機狀態更新 - JobToBeExecuted
2023-10-30 07:55:00,004 [48] INFO  - @07:55:00 - job:攝影機狀態更新 - start
2023-10-30 07:56:54,619 [32] INFO  - Redis -start
2023-10-30 07:56:54,622 [32] INFO  - Redis -end
2023-10-30 07:56:54,622 [32] INFO  - @07:56:54 - job:攝影機狀態更新 - done
2023-10-30 07:56:54,623 [32] INFO  - @07:56:54 - job:攝影機狀態更新 - JobWasExecuted
2023-10-30 08:00:00,000 [28] INFO  - @08:00:00 - job:天氣資訊更新 - JobToBeExecuted
2023-10-30 08:00:00,008 [51] INFO  - @08:00:00 - job:攝影機狀態更新 - JobToBeExecuted
2023-10-30 08:00:00,009 [51] INFO  - @08:00:00 - job:攝影機狀態更新 - start
2023-10-30 08:00:00,009 [28] INFO  - @08:00:00 - job:天氣資訊更新 - start
2023-10-30 08:00:00,061 [49] INFO  - @08:00:00 - job:空氣品質資訊更新 - JobToBeExecuted
2023-10-30 08:00:00,061 [49] INFO  - @08:00:00 - job:空氣品質資訊更新 - start
2023-10-30 08:00:08,716 [32] INFO  - @08:00:08 - job:天氣資訊更新 - done
2023-10-30 08:00:08,717 [32] INFO  - @08:00:08 - job:天氣資訊更新 - JobWasExecuted
2023-10-30 08:00:13,496 [32] INFO  - @08:00:13 - job:空氣品質資訊更新 - done
2023-10-30 08:00:13,496 [32] INFO  - @08:00:13 - job:空氣品質資訊更新 - JobWasExecuted
2023-10-30 08:01:00,000 [57] INFO  - @08:01:00 - job:Banpu 太陽能資料更新 - JobToBeExecuted
2023-10-30 08:01:00,110 [57] INFO  - @08:01:00 - job:Banpu 太陽能資料更新 - start
2023-10-30 08:01:00,455 [63] INFO  - @08:01:00 - job:Banpu 太陽能資料更新 - done
2023-10-30 08:01:00,455 [63] INFO  - @08:01:00 - job:Banpu 太陽能資料更新 - JobWasExecuted
2023-10-30 08:01:59,311 [27] INFO  - Redis -start
2023-10-30 08:01:59,313 [63] INFO  - Redis -end
2023-10-30 08:01:59,313 [63] INFO  - @08:01:59 - job:攝影機狀態更新 - done
2023-10-30 08:01:59,313 [63] INFO  - @08:01:59 - job:攝影機狀態更新 - JobWasExecuted
2023-10-30 08:05:00,000 [60] INFO  - @08:05:00 - job:攝影機狀態更新 - JobToBeExecuted
2023-10-30 08:05:00,000 [60] INFO  - @08:05:00 - job:攝影機狀態更新 - start
2023-10-30 08:06:52,903 [60] INFO  - Redis -start
2023-10-30 08:06:52,906 [58] INFO  - Redis -end
2023-10-30 08:06:52,906 [58] INFO  - @08:06:52 - job:攝影機狀態更新 - done
2023-10-30 08:06:52,906 [58] INFO  - @08:06:52 - job:攝影機狀態更新 - JobWasExecuted
2023-10-30 08:10:00,000 [58] INFO  - @08:10:00 - job:天氣資訊更新 - JobToBeExecuted
2023-10-30 08:10:00,000 [58] INFO  - @08:10:00 - job:天氣資訊更新 - start
2023-10-30 08:10:00,008 [55] INFO  - @08:10:00 - job:攝影機狀態更新 - JobToBeExecuted
2023-10-30 08:10:00,008 [55] INFO  - @08:10:00 - job:攝影機狀態更新 - start
2023-10-30 08:10:00,246 [58] INFO  - @08:10:00 - job:空氣品質資訊更新 - JobToBeExecuted
2023-10-30 08:10:00,246 [58] INFO  - @08:10:00 - job:空氣品質資訊更新 - start
2023-10-30 08:10:02,031 [63] INFO  - @08:10:02 - job:天氣資訊更新 - done
2023-10-30 08:10:02,031 [63] INFO  - @08:10:02 - job:天氣資訊更新 - JobWasExecuted
2023-10-30 08:10:09,799 [55] INFO  - @08:10:09 - job:空氣品質資訊更新 - done
2023-10-30 08:10:09,799 [55] INFO  - @08:10:09 - job:空氣品質資訊更新 - JobWasExecuted
2023-10-30 08:11:53,451 [60] INFO  - Redis -start
2023-10-30 08:11:53,453 [58] INFO  - Redis -end
2023-10-30 08:11:53,453 [58] INFO  - @08:11:53 - job:攝影機狀態更新 - done
2023-10-30 08:11:53,453 [58] INFO  - @08:11:53 - job:攝影機狀態更新 - JobWasExecuted
2023-10-30 08:15:00,000 [63] INFO  - @08:15:00 - job:攝影機狀態更新 - JobToBeExecuted
2023-10-30 08:15:00,000 [63] INFO  - @08:15:00 - job:攝影機狀態更新 - start
2023-10-30 08:16:55,995 [61] INFO  - Redis -start
2023-10-30 08:16:55,998 [58] INFO  - Redis -end
2023-10-30 08:16:55,998 [58] INFO  - @08:16:55 - job:攝影機狀態更新 - done
2023-10-30 08:16:55,998 [58] INFO  - @08:16:55 - job:攝影機狀態更新 - JobWasExecuted
2023-10-30 08:20:00,000 [62] INFO  - @08:20:00 - job:天氣資訊更新 - JobToBeExecuted
2023-10-30 08:20:00,000 [62] INFO  - @08:20:00 - job:天氣資訊更新 - start
2023-10-30 08:20:00,002 [58] INFO  - @08:20:00 - job:攝影機狀態更新 - JobToBeExecuted
2023-10-30 08:20:00,002 [58] INFO  - @08:20:00 - job:攝影機狀態更新 - start
2023-10-30 08:20:00,003 [58] INFO  - @08:20:00 - job:空氣品質資訊更新 - JobToBeExecuted
2023-10-30 08:20:00,003 [58] INFO  - @08:20:00 - job:空氣品質資訊更新 - start
2023-10-30 08:20:01,489 [27] INFO  - @08:20:01 - job:天氣資訊更新 - done
2023-10-30 08:20:01,489 [27] INFO  - @08:20:01 - job:天氣資訊更新 - JobWasExecuted
2023-10-30 08:20:10,383 [27] INFO  - @08:20:10 - job:空氣品質資訊更新 - done
2023-10-30 08:20:10,383 [27] INFO  - @08:20:10 - job:空氣品質資訊更新 - JobWasExecuted
2023-10-30 08:21:58,618 [60] INFO  - Redis -start
2023-10-30 08:21:58,621 [60] INFO  - Redis -end
2023-10-30 08:21:58,621 [60] INFO  - @08:21:58 - job:攝影機狀態更新 - done
2023-10-30 08:21:58,621 [60] INFO  - @08:21:58 - job:攝影機狀態更新 - JobWasExecuted
2023-10-30 08:25:00,000 [60] INFO  - @08:25:00 - job:攝影機狀態更新 - JobToBeExecuted
2023-10-30 08:25:00,000 [60] INFO  - @08:25:00 - job:攝影機狀態更新 - start
2023-10-30 08:26:54,017 [59] INFO  - Redis -start
2023-10-30 08:26:54,020 [59] INFO  - Redis -end
2023-10-30 08:26:54,020 [59] INFO  - @08:26:54 - job:攝影機狀態更新 - done
2023-10-30 08:26:54,020 [59] INFO  - @08:26:54 - job:攝影機狀態更新 - JobWasExecuted
2023-10-30 08:30:00,006 [60] INFO  - @08:30:00 - job:天氣資訊更新 - JobToBeExecuted
2023-10-30 08:30:00,006 [60] INFO  - @08:30:00 - job:天氣資訊更新 - start
2023-10-30 08:30:00,109 [28] INFO  - @08:30:00 - job:攝影機狀態更新 - JobToBeExecuted
2023-10-30 08:30:00,109 [28] INFO  - @08:30:00 - job:攝影機狀態更新 - start
2023-10-30 08:30:00,120 [28] INFO  - @08:30:00 - job:空氣品質資訊更新 - JobToBeExecuted
2023-10-30 08:30:00,120 [28] INFO  - @08:30:00 - job:空氣品質資訊更新 - start
2023-10-30 08:30:02,938 [59] INFO  - @08:30:02 - job:天氣資訊更新 - done
2023-10-30 08:30:02,939 [59] INFO  - @08:30:02 - job:天氣資訊更新 - JobWasExecuted
2023-10-30 08:30:10,064 [56] INFO  - @08:30:10 - job:空氣品質資訊更新 - done
2023-10-30 08:30:10,064 [56] INFO  - @08:30:10 - job:空氣品質資訊更新 - JobWasExecuted
2023-10-30 08:32:04,535 [28] INFO  - Redis -start
2023-10-30 08:32:04,538 [28] INFO  - Redis -end
2023-10-30 08:32:04,538 [28] INFO  - @08:32:04 - job:攝影機狀態更新 - done
2023-10-30 08:32:04,538 [28] INFO  - @08:32:04 - job:攝影機狀態更新 - JobWasExecuted
2023-10-30 08:35:00,000 [31] INFO  - @08:35:00 - job:攝影機狀態更新 - JobToBeExecuted
2023-10-30 08:35:00,003 [31] INFO  - @08:35:00 - job:攝影機狀態更新 - start
2023-10-30 08:37:01,125 [51] INFO  - Redis -start
2023-10-30 08:37:01,129 [55] INFO  - Redis -end
2023-10-30 08:37:01,129 [55] INFO  - @08:37:01 - job:攝影機狀態更新 - done
2023-10-30 08:37:01,129 [55] INFO  - @08:37:01 - job:攝影機狀態更新 - JobWasExecuted
2023-10-30 08:40:00,000 [49] INFO  - @08:40:00 - job:天氣資訊更新 - JobToBeExecuted
2023-10-30 08:40:00,000 [49] INFO  - @08:40:00 - job:天氣資訊更新 - start
2023-10-30 08:40:00,021 [55] INFO  - @08:40:00 - job:攝影機狀態更新 - JobToBeExecuted
2023-10-30 08:40:03,419 [52] INFO  - @08:40:03 - job:天氣資訊更新 - done
2023-10-30 08:40:03,419 [52] INFO  - @08:40:03 - job:天氣資訊更新 - JobWasExecuted
2023-10-30 08:40:11,694 [54] INFO  - @08:40:11 - job:空氣品質資訊更新 - done
2023-10-30 08:40:11,694 [54] INFO  - @08:40:11 - job:空氣品質資訊更新 - JobWasExecuted
2023-10-30 08:42:01,686 [54] INFO  - Redis -start
2023-10-30 08:42:01,689 [56] INFO  - Redis -end
2023-10-30 08:42:01,689 [56] INFO  - @08:42:01 - job:攝影機狀態更新 - done
2023-10-30 08:42:01,689 [56] INFO  - @08:42:01 - job:攝影機狀態更新 - JobWasExecuted
2023-10-30 08:45:00,001 [56] INFO  - @08:45:00 - job:攝影機狀態更新 - JobToBeExecuted
2023-10-30 08:45:00,001 [56] INFO  - @08:45:00 - job:攝影機狀態更新 - start
2023-10-30 08:46:59,315 [56] INFO  - Redis -start
2023-10-30 08:46:59,317 [54] INFO  - Redis -end
2023-10-30 08:46:59,317 [54] INFO  - @08:46:59 - job:攝影機狀態更新 - done
2023-10-30 08:46:59,317 [54] INFO  - @08:46:59 - job:攝影機狀態更新 - JobWasExecuted
2023-10-30 08:50:00,000 [56] INFO  - @08:50:00 - job:天氣資訊更新 - JobToBeExecuted
2023-10-30 08:50:00,000 [56] INFO  - @08:50:00 - job:天氣資訊更新 - start
2023-10-30 08:50:02,708 [3] INFO  - @08:50:02 - job:天氣資訊更新 - done
2023-10-30 08:50:02,708 [3] INFO  - @08:50:02 - job:天氣資訊更新 - JobWasExecuted
2023-10-30 08:50:13,675 [14] INFO  - @08:50:13 - job:空氣品質資訊更新 - done
2023-10-30 08:50:13,675 [14] INFO  - @08:50:13 - job:空氣品質資訊更新 - JobWasExecuted
2023-10-30 08:51:52,893 [13] INFO  - Redis -start
2023-10-30 08:51:52,896 [28] INFO  - Redis -end
2023-10-30 08:51:52,896 [28] INFO  - @08:51:52 - job:攝影機狀態更新 - done
2023-10-30 08:51:52,896 [28] INFO  - @08:51:52 - job:攝影機狀態更新 - JobWasExecuted
2023-10-30 08:55:00,000 [3] INFO  - @08:55:00 - job:攝影機狀態更新 - JobToBeExecuted
2023-10-30 08:55:00,000 [3] INFO  - @08:55:00 - job:攝影機狀態更新 - start
2023-10-30 08:56:58,396 [3] INFO  - Redis -start
2023-10-30 08:56:58,399 [25] INFO  - Redis -end
2023-10-30 08:56:58,399 [25] INFO  - @08:56:58 - job:攝影機狀態更新 - done
2023-10-30 08:56:58,399 [25] INFO  - @08:56:58 - job:攝影機狀態更新 - JobWasExecuted
2023-10-30 09:00:00,005 [26] INFO  - @09:00:00 - job:天氣資訊更新 - JobToBeExecuted
2023-10-30 09:00:00,007 [26] INFO  - @09:00:00 - job:天氣資訊更新 - start
2023-10-30 09:00:00,222 [26] INFO  - @09:00:00 - job:攝影機狀態更新 - JobToBeExecuted
2023-10-30 09:00:00,222 [26] INFO  - @09:00:00 - job:攝影機狀態更新 - start
2023-10-30 09:00:00,223 [26] INFO  - @09:00:00 - job:空氣品質資訊更新 - JobToBeExecuted
2023-10-30 09:00:00,223 [26] INFO  - @09:00:00 - job:空氣品質資訊更新 - start
2023-10-30 09:00:04,615 [49] INFO  - @09:00:04 - job:天氣資訊更新 - done
2023-10-30 09:00:04,616 [49] INFO  - @09:00:04 - job:天氣資訊更新 - JobWasExecuted
2023-10-30 09:00:11,514 [31] INFO  - @09:00:11 - job:空氣品質資訊更新 - done
2023-10-30 09:00:11,514 [31] INFO  - @09:00:11 - job:空氣品質資訊更新 - JobWasExecuted
2023-10-30 09:01:00,000 [49] INFO  - @09:01:00 - job:Banpu 太陽能資料更新 - JobToBeExecuted
2023-10-30 09:01:00,105 [49] INFO  - @09:01:00 - job:Banpu 太陽能資料更新 - start
2023-10-30 09:01:00,618 [28] INFO  - @09:01:00 - job:Banpu 太陽能資料更新 - done
2023-10-30 09:01:00,618 [28] INFO  - @09:01:00 - job:Banpu 太陽能資料更新 - JobWasExecuted
2023-10-30 09:02:01,908 [49] INFO  - Redis -start
2023-10-30 09:02:01,911 [13] INFO  - Redis -end
2023-10-30 09:02:01,911 [13] INFO  - @09:02:01 - job:攝影機狀態更新 - done
2023-10-30 09:02:01,911 [13] INFO  - @09:02:01 - job:攝影機狀態更新 - JobWasExecuted
2023-10-30 09:05:00,001 [47] INFO  - @09:05:00 - job:攝影機狀態更新 - JobToBeExecuted
2023-10-30 09:05:00,001 [47] INFO  - @09:05:00 - job:攝影機狀態更新 - start
2023-10-30 09:06:55,543 [47] INFO  - Redis -start
2023-10-30 09:06:55,546 [14] INFO  - Redis -end
2023-10-30 09:06:55,546 [14] INFO  - @09:06:55 - job:攝影機狀態更新 - done
2023-10-30 09:06:55,546 [14] INFO  - @09:06:55 - job:攝影機狀態更新 - JobWasExecuted
2023-10-30 09:10:00,000 [47] INFO  - @09:10:00 - job:天氣資訊更新 - JobToBeExecuted
2023-10-30 09:10:00,000 [47] INFO  - @09:10:00 - job:天氣資訊更新 - start
2023-10-30 09:10:00,289 [47] INFO  - @09:10:00 - job:攝影機狀態更新 - JobToBeExecuted
2023-10-30 09:10:00,289 [47] INFO  - @09:10:00 - job:攝影機狀態更新 - start
2023-10-30 09:10:00,290 [47] INFO  - @09:10:00 - job:空氣品質資訊更新 - JobToBeExecuted
2023-10-30 09:10:00,290 [47] INFO  - @09:10:00 - job:空氣品質資訊更新 - start
2023-10-30 09:10:02,882 [56] INFO  - @09:10:02 - job:天氣資訊更新 - done
2023-10-30 09:10:02,882 [56] INFO  - @09:10:02 - job:天氣資訊更新 - JobWasExecuted
2023-10-30 09:10:10,825 [31] INFO  - @09:10:10 - job:空氣品質資訊更新 - done
2023-10-30 09:10:10,825 [31] INFO  - @09:10:10 - job:空氣品質資訊更新 - JobWasExecuted
2023-10-30 09:11:54,228 [31] INFO  - Redis -start
2023-10-30 09:11:54,231 [56] INFO  - Redis -end
2023-10-30 09:11:54,231 [56] INFO  - @09:11:54 - job:攝影機狀態更新 - done
2023-10-30 09:11:54,231 [56] INFO  - @09:11:54 - job:攝影機狀態更新 - JobWasExecuted
2023-10-30 09:15:00,002 [51] INFO  - @09:15:00 - job:攝影機狀態更新 - JobToBeExecuted
2023-10-30 09:15:00,002 [51] INFO  - @09:15:00 - job:攝影機狀態更新 - start
2023-10-30 09:17:38,031 [51] INFO  - Redis -start
2023-10-30 09:17:38,033 [14] INFO  - Redis -end
2023-10-30 09:17:38,033 [14] INFO  - @09:17:38 - job:攝影機狀態更新 - done
2023-10-30 09:17:38,033 [14] INFO  - @09:17:38 - job:攝影機狀態更新 - JobWasExecuted
2023-10-30 09:20:00,007 [51] INFO  - @09:20:00 - job:天氣資訊更新 - JobToBeExecuted
2023-10-30 09:20:00,009 [51] INFO  - @09:20:00 - job:天氣資訊更新 - start
2023-10-30 09:20:00,008 [14] INFO  - @09:20:00 - job:攝影機狀態更新 - JobToBeExecuted
2023-10-30 09:20:00,010 [14] INFO  - @09:20:00 - job:攝影機狀態更新 - start
2023-10-30 09:20:01,701 [3] INFO  - @09:20:01 - job:天氣資訊更新 - done
2023-10-30 09:20:01,701 [3] INFO  - @09:20:01 - job:天氣資訊更新 - JobWasExecuted
2023-10-30 09:20:08,837 [52] INFO  - @09:20:08 - job:空氣品質資訊更新 - done
2023-10-30 09:20:08,837 [52] INFO  - @09:20:08 - job:空氣品質資訊更新 - JobWasExecuted
2023-10-30 09:22:49,902 [52] INFO  - Redis -start
2023-10-30 09:22:49,904 [52] INFO  - Redis -end
2023-10-30 09:22:49,904 [52] INFO  - @09:22:49 - job:攝影機狀態更新 - done
2023-10-30 09:22:49,904 [52] INFO  - @09:22:49 - job:攝影機狀態更新 - JobWasExecuted
2023-10-30 09:25:00,001 [47] INFO  - @09:25:00 - job:攝影機狀態更新 - JobToBeExecuted
2023-10-30 09:25:00,001 [47] INFO  - @09:25:00 - job:攝影機狀態更新 - start
2023-10-30 09:27:41,467 [52] INFO  - Redis -start
2023-10-30 09:27:41,469 [32] INFO  - Redis -end
2023-10-30 09:27:41,469 [32] INFO  - @09:27:41 - job:攝影機狀態更新 - done
2023-10-30 09:27:41,469 [32] INFO  - @09:27:41 - job:攝影機狀態更新 - JobWasExecuted
2023-10-30 09:30:00,000 [52] INFO  - @09:30:00 - job:天氣資訊更新 - JobToBeExecuted
2023-10-30 09:30:00,000 [52] INFO  - @09:30:00 - job:天氣資訊更新 - start
2023-10-30 09:30:00,003 [53] INFO  - @09:30:00 - job:攝影機狀態更新 - JobToBeExecuted
2023-10-30 09:30:00,003 [53] INFO  - @09:30:00 - job:攝影機狀態更新 - start
2023-10-30 09:30:00,004 [53] INFO  - @09:30:00 - job:空氣品質資訊更新 - JobToBeExecuted
2023-10-30 09:30:00,004 [53] INFO  - @09:30:00 - job:空氣品質資訊更新 - start
2023-10-30 09:30:02,928 [32] INFO  - @09:30:02 - job:天氣資訊更新 - done
2023-10-30 09:30:02,928 [32] INFO  - @09:30:02 - job:天氣資訊更新 - JobWasExecuted
2023-10-30 09:30:14,792 [52] INFO  - @09:30:14 - job:空氣品質資訊更新 - done
2023-10-30 09:30:14,792 [52] INFO  - @09:30:14 - job:空氣品質資訊更新 - JobWasExecuted
2023-10-30 09:31:57,895 [54] INFO  - Redis -start
2023-10-30 09:31:57,898 [53] INFO  - Redis -end
2023-10-30 09:31:57,898 [53] INFO  - @09:31:57 - job:攝影機狀態更新 - done
2023-10-30 09:31:57,898 [53] INFO  - @09:31:57 - job:攝影機狀態更新 - JobWasExecuted
2023-10-30 09:35:00,000 [30] INFO  - @09:35:00 - job:攝影機狀態更新 - JobToBeExecuted
2023-10-30 09:35:00,000 [30] INFO  - @09:35:00 - job:攝影機狀態更新 - start
2023-10-30 09:37:01,466 [47] INFO  - Redis -start
2023-10-30 09:37:01,469 [30] INFO  - Redis -end
2023-10-30 09:37:01,469 [30] INFO  - @09:37:01 - job:攝影機狀態更新 - done
2023-10-30 09:37:01,469 [30] INFO  - @09:37:01 - job:攝影機狀態更新 - JobWasExecuted
2023-10-30 09:40:00,000 [29] INFO  - @09:40:00 - job:天氣資訊更新 - JobToBeExecuted
2023-10-30 09:40:00,001 [29] INFO  - @09:40:00 - job:天氣資訊更新 - start
2023-10-30 09:40:00,000 [47] INFO  - @09:40:00 - job:攝影機狀態更新 - JobToBeExecuted
2023-10-30 09:40:01,537 [51] INFO  - @09:40:01 - job:天氣資訊更新 - done
2023-10-30 09:40:01,537 [51] INFO  - @09:40:01 - job:天氣資訊更新 - JobWasExecuted
2023-10-30 09:40:09,764 [45] INFO  - @09:40:09 - job:空氣品質資訊更新 - done
2023-10-30 09:40:09,764 [45] INFO  - @09:40:09 - job:空氣品質資訊更新 - JobWasExecuted
2023-10-30 09:42:04,992 [25] INFO  - Redis -start
2023-10-30 09:42:04,994 [13] INFO  - Redis -end
2023-10-30 09:42:04,995 [13] INFO  - @09:42:04 - job:攝影機狀態更新 - done
2023-10-30 09:42:04,995 [13] INFO  - @09:42:04 - job:攝影機狀態更新 - JobWasExecuted
2023-10-30 09:45:00,000 [25] INFO  - @09:45:00 - job:攝影機狀態更新 - JobToBeExecuted
2023-10-30 09:45:00,001 [25] INFO  - @09:45:00 - job:攝影機狀態更新 - start
2023-10-30 09:47:03,481 [13] INFO  - Redis -start
2023-10-30 09:47:03,483 [53] INFO  - Redis -end
2023-10-30 09:47:03,484 [53] INFO  - @09:47:03 - job:攝影機狀態更新 - done
2023-10-30 09:47:03,484 [53] INFO  - @09:47:03 - job:攝影機狀態更新 - JobWasExecuted
2023-10-30 09:50:00,000 [56] INFO  - @09:50:00 - job:攝影機狀態更新 - JobToBeExecuted
2023-10-30 09:50:00,001 [56] INFO  - @09:50:00 - job:攝影機狀態更新 - start
2023-10-30 09:50:00,001 [56] INFO  - @09:50:00 - job:空氣品質資訊更新 - JobToBeExecuted
2023-10-30 09:50:00,001 [56] INFO  - @09:50:00 - job:空氣品質資訊更新 - start
2023-10-30 09:50:00,002 [13] INFO  - @09:50:00 - job:天氣資訊更新 - JobToBeExecuted
2023-10-30 09:50:00,002 [13] INFO  - @09:50:00 - job:天氣資訊更新 - start
2023-10-30 09:50:01,980 [3] INFO  - @09:50:01 - job:天氣資訊更新 - done
2023-10-30 09:50:01,980 [3] INFO  - @09:50:01 - job:天氣資訊更新 - JobWasExecuted
2023-10-30 09:50:11,243 [25] INFO  - @09:50:11 - job:空氣品質資訊更新 - done
2023-10-30 09:50:11,243 [25] INFO  - @09:50:11 - job:空氣品質資訊更新 - JobWasExecuted
2023-10-30 09:51:56,048 [49] INFO  - Redis -start
2023-10-30 09:51:56,050 [31] INFO  - Redis -end
2023-10-30 09:51:56,051 [31] INFO  - @09:51:56 - job:攝影機狀態更新 - done
2023-10-30 09:51:56,051 [31] INFO  - @09:51:56 - job:攝影機狀態更新 - JobWasExecuted
2023-10-30 09:55:00,000 [31] INFO  - @09:55:00 - job:攝影機狀態更新 - JobToBeExecuted
2023-10-30 09:55:00,000 [31] INFO  - @09:55:00 - job:攝影機狀態更新 - start
2023-10-30 09:57:04,593 [49] INFO  - Redis -start
2023-10-30 09:57:04,596 [30] INFO  - Redis -end
2023-10-30 09:57:04,596 [30] INFO  - @09:57:04 - job:攝影機狀態更新 - done
2023-10-30 09:57:04,596 [30] INFO  - @09:57:04 - job:攝影機狀態更新 - JobWasExecuted
2023-10-30 10:00:00,000 [30] INFO  - @10:00:00 - job:攝影機狀態更新 - JobToBeExecuted
2023-10-30 10:00:00,000 [30] INFO  - @10:00:00 - job:攝影機狀態更新 - start
2023-10-30 10:00:00,000 [30] INFO  - @10:00:00 - job:空氣品質資訊更新 - JobToBeExecuted
2023-10-30 10:00:00,000 [30] INFO  - @10:00:00 - job:空氣品質資訊更新 - start
2023-10-30 10:00:06,013 [29] INFO  - @10:00:06 - job:天氣資訊更新 - done
2023-10-30 10:00:06,013 [29] INFO  - @10:00:06 - job:天氣資訊更新 - JobWasExecuted
2023-10-30 10:00:14,646 [25] INFO  - @10:00:14 - job:空氣品質資訊更新 - done
2023-10-30 10:00:14,646 [25] INFO  - @10:00:14 - job:空氣品質資訊更新 - JobWasExecuted
2023-10-30 10:01:00,000 [29] INFO  - @10:01:00 - job:Banpu 太陽能資料更新 - JobToBeExecuted
2023-10-30 10:01:00,174 [29] INFO  - @10:01:00 - job:Banpu 太陽能資料更新 - start
2023-10-30 10:01:00,663 [25] INFO  - @10:01:00 - job:Banpu 太陽能資料更新 - done
2023-10-30 10:01:00,664 [25] INFO  - @10:01:00 - job:Banpu 太陽能資料更新 - JobWasExecuted
2023-10-30 10:02:04,062 [54] INFO  - Redis -start
2023-10-30 10:02:04,065 [54] INFO  - Redis -end
2023-10-30 10:02:04,065 [54] INFO  - @10:02:04 - job:攝影機狀態更新 - done
2023-10-30 10:02:04,065 [54] INFO  - @10:02:04 - job:攝影機狀態更新 - JobWasExecuted
2023-10-30 10:05:00,000 [29] INFO  - @10:05:00 - job:攝影機狀態更新 - JobToBeExecuted
2023-10-30 10:05:00,000 [29] INFO  - @10:05:00 - job:攝影機狀態更新 - start
2023-10-30 10:07:11,751 [54] INFO  - Redis -start
2023-10-30 10:07:11,753 [46] INFO  - Redis -end
2023-10-30 10:07:11,754 [46] INFO  - @10:07:11 - job:攝影機狀態更新 - done
2023-10-30 10:07:11,754 [46] INFO  - @10:07:11 - job:攝影機狀態更新 - JobWasExecuted
2023-10-30 10:10:00,008 [54] INFO  - @10:10:00 - job:天氣資訊更新 - JobToBeExecuted
2023-10-30 10:10:00,009 [54] INFO  - @10:10:00 - job:天氣資訊更新 - start
2023-10-30 10:10:00,009 [29] INFO  - @10:10:00 - job:攝影機狀態更新 - JobToBeExecuted
2023-10-30 10:10:02,638 [54] INFO  - @10:10:02 - job:天氣資訊更新 - done
2023-10-30 10:10:02,638 [54] INFO  - @10:10:02 - job:天氣資訊更新 - JobWasExecuted
2023-10-30 10:10:10,231 [29] INFO  - @10:10:10 - job:空氣品質資訊更新 - done
2023-10-30 10:10:10,232 [29] INFO  - @10:10:10 - job:空氣品質資訊更新 - JobWasExecuted
2023-10-30 10:12:00,179 [9] INFO  - Redis -start
2023-10-30 10:12:00,182 [9] INFO  - Redis -end
2023-10-30 10:12:00,182 [9] INFO  - @10:12:00 - job:攝影機狀態更新 - done
2023-10-30 10:12:00,182 [9] INFO  - @10:12:00 - job:攝影機狀態更新 - JobWasExecuted
2023-10-30 10:15:00,002 [54] INFO  - @10:15:00 - job:攝影機狀態更新 - JobToBeExecuted
2023-10-30 10:15:00,003 [54] INFO  - @10:15:00 - job:攝影機狀態更新 - start
2023-10-30 10:16:57,739 [9] INFO  - Redis -start
2023-10-30 10:16:57,743 [54] INFO  - Redis -end
2023-10-30 10:16:57,743 [54] INFO  - @10:16:57 - job:攝影機狀態更新 - done
2023-10-30 10:16:57,743 [54] INFO  - @10:16:57 - job:攝影機狀態更新 - JobWasExecuted
2023-10-30 10:20:00,000 [45] INFO  - @10:20:00 - job:天氣資訊更新 - JobToBeExecuted
2023-10-30 10:20:00,000 [45] INFO  - @10:20:00 - job:天氣資訊更新 - start
2023-10-30 10:20:01,792 [55] INFO  - @10:20:01 - job:天氣資訊更新 - done
2023-10-30 10:20:01,792 [55] INFO  - @10:20:01 - job:天氣資訊更新 - JobWasExecuted
2023-10-30 10:20:09,737 [55] INFO  - @10:20:09 - job:空氣品質資訊更新 - done
2023-10-30 10:20:09,737 [55] INFO  - @10:20:09 - job:空氣品質資訊更新 - JobWasExecuted
